==============================================
Unified Volcano: gnomAD + eQTL + Causal
Job ID: 808109
Start time: Thu Mar  5 14:48:13 EST 2026
==============================================
Step 1: Computing gnomAD variant cosine distances...
Processing gnomAD locus: IRF7
  IRF7: 650 gnomAD variants processed
Processing gnomAD locus: HLA-A
  HLA-A: 1655 gnomAD variants processed
Processing gnomAD locus: HLA-B
  HLA-B: 1241 gnomAD variants processed
Processing gnomAD locus: HLA-C
  HLA-C: 713 gnomAD variants processed
Processing gnomAD locus: HLA-G
  HLA-G: 979 gnomAD variants processed
Processing gnomAD locus: HOXA1
  HOXA1: 362 gnomAD variants processed
Processing gnomAD locus: HOXA13
  HOXA13: 0 gnomAD variants processed
Processing gnomAD locus: HOXC13
  HOXC13: 1020 gnomAD variants processed
Processing gnomAD locus: B-ACTIN
  B-ACTIN: 927 gnomAD variants processed
Processing gnomAD locus: TBP
  TBP: 546 gnomAD variants processed
Processing gnomAD locus: GAPDH
  GAPDH: 723 gnomAD variants processed
Processing gnomAD locus: YAP1
  YAP1: 1378 gnomAD variants processed
Processing gnomAD locus: TAZ
  TAZ: 1342 gnomAD variants processed
Processing gnomAD locus: PIK3R3
  PIK3R3: 1264 gnomAD variants processed
Processing gnomAD locus: MYC
  MYC: 360 gnomAD variants processed
Processing gnomAD locus: TNF
  TNF: 413 gnomAD variants processed
Processing gnomAD locus: BCL2
  BCL2: 1021 gnomAD variants processed
Processing gnomAD locus: KRAS
  KRAS: 649 gnomAD variants processed
Processing gnomAD locus: EGFR
  EGFR: 919 gnomAD variants processed
Processing gnomAD locus: ERBB2
  ERBB2: 1148 gnomAD variants processed
Processing gnomAD locus: PIK3CA
  PIK3CA: 1016 gnomAD variants processed
Processing gnomAD locus: CCND1
  CCND1: 441 gnomAD variants processed
Processing gnomAD locus: BRAF
  BRAF: 595 gnomAD variants processed
Processing gnomAD locus: VEGFA
  VEGFA: 734 gnomAD variants processed
Processing gnomAD locus: MDM2
  MDM2: 606 gnomAD variants processed
Cached gnomAD data to /grid/wsbs/home_norepl/pmantill/Human_nc_variants/SEAM_population_analysis/SEAM_CLIPNET/expression_results/all_variants/gnomad_variant_data.csv
  gnomAD data: 33227 rows

Step 2: Loading eQTL data...
  HLA-A: 24999 sequences loaded from volcano CSV
  HLA-C: 24999 sequences loaded from volcano CSV
  eQTL data: 49998 rows

Step 3: Plotting unified volcano...
Saved unified volcano: /grid/wsbs/home_norepl/pmantill/Human_nc_variants/SEAM_population_analysis/SEAM_CLIPNET/expression_results/all_variants/unified_volcano_k100.png

======================================================================
SUMMARY STATISTICS
======================================================================

gnomAD (n=20,702):
  Activity:  mean=27.63  median=25.06  std=12.13
  Cos dist:  mean=0.0033  median=0.0003  std=0.0156

eQTL causal (n=10):
  Activity:  mean=43.52  median=44.57  std=2.01
  Cos dist:  mean=0.0004  median=0.0001  std=0.0005

Random mutagenesis (n=12,500):
  Activity:  mean=25.89  median=24.52  std=11.78
  Cos dist:  mean=0.0287  median=0.0141  std=0.0473

gnomAD by category:
  HLA (n=4,588): cos_dist mean=0.0034  activity mean=39.77
  Oncogene (n=12,536): cos_dist mean=0.0034  activity mean=23.83
  Hox (n=1,382): cos_dist mean=0.0027  activity mean=7.40
  Housekeeping (n=2,196): cos_dist mean=0.0024  activity mean=36.68
======================================================================

Saved combined variant data: /grid/wsbs/home_norepl/pmantill/Human_nc_variants/SEAM_population_analysis/SEAM_CLIPNET/expression_results/all_variants/all_variants_data.csv
==============================================
Done
End time: Thu Mar  5 14:48:59 EST 2026
==============================================
