==============================================
Variant Injection + Clustering
Job ID:    829954
Array:     28/34
Locus:     TBP
Node:      bam20
Start:     Sat Mar  7 15:38:39 EST 2026
==============================================
Processing 1 loci: ['TBP']

>>> Variant Injection: gnomad (k=100) <<<
TBP: missing 25k maps, 25k preds, skipping

>>> Variant Injection: caqtl_eur (k=100) <<<
TBP: missing 25k maps, 25k preds, variant maps, variant preds, variant metadata, skipping

>>> Variant Injection: caqtl_afr (k=100) <<<
TBP: missing 25k maps, 25k preds, skipping

>>> Variant Injection Final Plots <<<
GnomAD: no variant injection results found
caqtl_eur: no variant injection results found
caqtl_afr: no variant injection results found

Pipeline complete.

Done: Sat Mar  7 15:38:45 EST 2026
