==============================================
Variant Injection + Clustering
Job ID:    829948
Array:     22/34
Locus:     BCL2
Node:      bam21
Start:     Sat Mar  7 15:38:30 EST 2026
==============================================
Processing 1 loci: ['BCL2']

>>> Variant Injection: gnomad (k=100) <<<
BCL2: missing 25k maps, 25k preds, skipping

>>> Variant Injection: caqtl_eur (k=100) <<<
BCL2: missing 25k maps, 25k preds, variant maps, variant preds, variant metadata, skipping

>>> Variant Injection: caqtl_afr (k=100) <<<
BCL2: missing 25k maps, 25k preds, variant maps, variant preds, variant metadata, skipping

>>> Variant Injection Final Plots <<<
GnomAD: no variant injection results found
caqtl_eur: no variant injection results found
caqtl_afr: no variant injection results found

Pipeline complete.

Done: Sat Mar  7 15:38:36 EST 2026
