==============================================
Variant Injection + Clustering
Job ID:    829931
Array:     5/34
Locus:     CD40
Node:      bam20
Start:     Sat Mar  7 15:38:15 EST 2026
==============================================
Processing 1 loci: ['CD40']

>>> Variant Injection: gnomad (k=100) <<<
CD40: missing variant maps, variant preds, variant metadata, skipping

>>> Variant Injection: caqtl_eur (k=100) <<<
CD40: missing variant maps, variant preds, variant metadata, skipping

>>> Variant Injection: caqtl_afr (k=100) <<<
CD40: missing variant maps, variant preds, variant metadata, skipping

>>> Variant Injection Final Plots <<<
GnomAD: no variant injection results found
caqtl_eur: no variant injection results found
caqtl_afr: no variant injection results found

Pipeline complete.

Done: Sat Mar  7 15:38:24 EST 2026
