==============================================
Variant Injection + Clustering
Job ID:    830008
Array:     31/34
Locus:     HOXC13
Node:      bam32
Start:     Sat Mar  7 16:14:27 EST 2026
==============================================
Processing 1 loci: ['HOXC13']

>>> Variant Injection: gnomad (k=100) <<<
HOXC13: missing 25k maps, 25k preds, skipping

>>> Variant Injection: caqtl_eur (k=100) <<<
HOXC13: missing 25k maps, 25k preds, variant maps, variant preds, variant metadata, skipping

>>> Variant Injection: caqtl_afr (k=100) <<<
HOXC13: missing 25k maps, 25k preds, variant maps, variant preds, variant metadata, skipping

>>> Variant Injection Final Plots <<<
  Saved GnomAD plot to /grid/wsbs/home_norepl/pmantill/Human_nc_variants/SEAM_population_analysis/SEAM_ChromBPNet/LCL_population_variants/results/results_final/variant_inject/gnomad_mech_diversity_vs_AF_k100.png
caqtl_eur: no variant injection results found
caqtl_afr: no variants matched coefficient data

Pipeline complete.

Done: Sat Mar  7 16:14:31 EST 2026
