==============================================
Variant Injection + Clustering
Job ID:    829949
Array:     23/34
Locus:     NOTCH1
Node:      bam32
Start:     Sat Mar  7 15:38:30 EST 2026
==============================================
Processing 1 loci: ['NOTCH1']

>>> Variant Injection: gnomad (k=100) <<<
NOTCH1: missing 25k maps, 25k preds, variant maps, variant preds, variant metadata, skipping

>>> Variant Injection: caqtl_eur (k=100) <<<
NOTCH1: missing 25k maps, 25k preds, variant maps, variant preds, variant metadata, skipping

>>> Variant Injection: caqtl_afr (k=100) <<<
NOTCH1: missing 25k maps, 25k preds, skipping

>>> Variant Injection Final Plots <<<
GnomAD: no variant injection results found
caqtl_eur: no variant injection results found
caqtl_afr: no variant injection results found

Pipeline complete.

Done: Sat Mar  7 15:38:33 EST 2026
