==============================================
Variant Injection + Clustering
Job ID:    830337
Array:     28/34
Locus:     TBP
Node:      bam27
Start:     Sun Mar  8 15:53:45 EDT 2026
==============================================
Processing 1 loci: ['TBP']

>>> Variant Injection: gnomad (k=100) <<<

==================================================
TBP: variant injection (gnomad, k=100)
==================================================
  Injected 546 variants at indices (first 5): [131 160 184 245 343]
  Clustering 25000 maps into 100 clusters...
  WT cluster=12, variants span 34 clusters
  Saved to /grid/wsbs/home_norepl/pmantill/Human_nc_variants/SEAM_population_analysis/SEAM_ChromBPNet/LCL_population_variants/cluster_results/variant_inject/gnomad/TBP/k100

>>> Variant Injection: caqtl_eur (k=100) <<<
TBP: missing variant maps, variant preds, variant metadata, skipping

>>> Variant Injection: caqtl_afr (k=100) <<<

==================================================
TBP: variant injection (caqtl_afr, k=100)
==================================================
  Injected 1 variants at indices (first 5): [2232]
  Clustering 25000 maps into 100 clusters...
  WT cluster=38, variants span 1 clusters
  Saved to /grid/wsbs/home_norepl/pmantill/Human_nc_variants/SEAM_population_analysis/SEAM_ChromBPNet/LCL_population_variants/cluster_results/variant_inject/caqtl_afr/TBP/k100

>>> Variant Injection Final Plots <<<
  Saved GnomAD plot to /grid/wsbs/home_norepl/pmantill/Human_nc_variants/SEAM_population_analysis/SEAM_ChromBPNet/LCL_population_variants/results/results_final/variant_inject/gnomad_mech_diversity_vs_AF_k100.png
  Saved GnomAD causality plot to /grid/wsbs/home_norepl/pmantill/Human_nc_variants/SEAM_population_analysis/SEAM_ChromBPNet/LCL_population_variants/results/results_final/variant_inject/gnomad_mech_causality_vs_AF_k100.png
  Saved caqtl_eur plot to /grid/wsbs/home_norepl/pmantill/Human_nc_variants/SEAM_population_analysis/SEAM_ChromBPNet/LCL_population_variants/results/results_final/variant_inject/caqtl_eur_pred_vs_actual_k100.png
  Saved caqtl_afr plot to /grid/wsbs/home_norepl/pmantill/Human_nc_variants/SEAM_population_analysis/SEAM_ChromBPNet/LCL_population_variants/results/results_final/variant_inject/caqtl_afr_pred_vs_actual_k100.png

Pipeline complete.

Done: Sun Mar  8 16:17:50 EDT 2026
