==============================================
Variant Injection + Clustering
Job ID:    829950
Array:     24/34
Locus:     ABL1
Node:      bam18
Start:     Sat Mar  7 15:38:33 EST 2026
==============================================
Processing 1 loci: ['ABL1']

>>> Variant Injection: gnomad (k=100) <<<
ABL1: missing 25k maps, 25k preds, variant maps, variant preds, variant metadata, skipping

>>> Variant Injection: caqtl_eur (k=100) <<<
ABL1: missing 25k maps, 25k preds, variant maps, variant preds, variant metadata, skipping

>>> Variant Injection: caqtl_afr (k=100) <<<
ABL1: missing 25k maps, 25k preds, skipping

>>> Variant Injection Final Plots <<<
GnomAD: no variant injection results found
caqtl_eur: no variant injection results found
caqtl_afr: no variant injection results found

Pipeline complete.

Done: Sat Mar  7 15:38:50 EST 2026
