==============================================
Variant Injection + Clustering
Job ID:    829991
Array:     14/34
Locus:     HLA-C
Node:      bam25
Start:     Sat Mar  7 16:13:44 EST 2026
==============================================
Processing 1 loci: ['HLA-C']

>>> Variant Injection: gnomad (k=100) <<<

==================================================
HLA-C: variant injection (gnomad, k=100)
==================================================
  Injected 713 variants at indices (first 5): [131 160 173 184 191]
  Clustering 25000 maps into 100 clusters...
  WT cluster=97, variants span 38 clusters
  Saved to /grid/wsbs/home_norepl/pmantill/Human_nc_variants/SEAM_population_analysis/SEAM_ChromBPNet/LCL_population_variants/cluster_results/variant_inject/gnomad/HLA-C/k100

>>> Variant Injection: caqtl_eur (k=100) <<<

==================================================
HLA-C: variant injection (caqtl_eur, k=100)
==================================================
  Injected 11 variants at indices (first 5): [ 2149  2231  2355  5037 10823]
  Clustering 25000 maps into 100 clusters...
  WT cluster=29, variants span 8 clusters
  Saved to /grid/wsbs/home_norepl/pmantill/Human_nc_variants/SEAM_population_analysis/SEAM_ChromBPNet/LCL_population_variants/cluster_results/variant_inject/caqtl_eur/HLA-C/k100

>>> Variant Injection: caqtl_afr (k=100) <<<

==================================================
HLA-C: variant injection (caqtl_afr, k=100)
==================================================
  Injected 13 variants at indices (first 5): [ 2149  2231  2355  5036 10822]
  Clustering 25000 maps into 100 clusters...
  WT cluster=38, variants span 8 clusters
  Saved to /grid/wsbs/home_norepl/pmantill/Human_nc_variants/SEAM_population_analysis/SEAM_ChromBPNet/LCL_population_variants/cluster_results/variant_inject/caqtl_afr/HLA-C/k100

>>> Variant Injection Final Plots <<<
  Saved GnomAD plot to /grid/wsbs/home_norepl/pmantill/Human_nc_variants/SEAM_population_analysis/SEAM_ChromBPNet/LCL_population_variants/results/results_final/variant_inject/gnomad_mech_diversity_vs_AF_k100.png
  Saved GnomAD causality plot to /grid/wsbs/home_norepl/pmantill/Human_nc_variants/SEAM_population_analysis/SEAM_ChromBPNet/LCL_population_variants/results/results_final/variant_inject/gnomad_mech_causality_vs_AF_k100.png
  Saved caqtl_eur plot to /grid/wsbs/home_norepl/pmantill/Human_nc_variants/SEAM_population_analysis/SEAM_ChromBPNet/LCL_population_variants/results/results_final/variant_inject/caqtl_eur_pred_vs_actual_k100.png
  Saved caqtl_afr plot to /grid/wsbs/home_norepl/pmantill/Human_nc_variants/SEAM_population_analysis/SEAM_ChromBPNet/LCL_population_variants/results/results_final/variant_inject/caqtl_afr_pred_vs_actual_k100.png

Pipeline complete.

Done: Sun Mar  8 04:05:59 EDT 2026
