==============================================
Variant Injection + Clustering
Job ID:    829956
Array:     30/34
Locus:     HOXA13
Node:      bam21
Start:     Sat Mar  7 15:38:41 EST 2026
==============================================
Processing 1 loci: ['HOXA13']

>>> Variant Injection: gnomad (k=100) <<<
HOXA13: missing 25k maps, 25k preds, variant maps, variant preds, variant metadata, skipping

>>> Variant Injection: caqtl_eur (k=100) <<<
HOXA13: missing 25k maps, 25k preds, variant maps, variant preds, variant metadata, skipping

>>> Variant Injection: caqtl_afr (k=100) <<<
HOXA13: missing 25k maps, 25k preds, variant maps, variant preds, variant metadata, skipping

>>> Variant Injection Final Plots <<<
GnomAD: no variant injection results found
caqtl_eur: no variant injection results found
caqtl_afr: no variant injection results found

Pipeline complete.

Done: Sat Mar  7 15:38:47 EST 2026
