==============================================
Variant Injection + Clustering
Job ID:    829976
Array:     33/34
Locus:     TAZ
Node:      bam33
Start:     Sat Mar  7 16:14:27 EST 2026
==============================================
Processing 1 loci: ['TAZ']

>>> Variant Injection: gnomad (k=100) <<<
TAZ: missing 25k maps, 25k preds, skipping

>>> Variant Injection: caqtl_eur (k=100) <<<
TAZ: missing 25k maps, 25k preds, variant maps, variant preds, variant metadata, skipping

>>> Variant Injection: caqtl_afr (k=100) <<<
TAZ: missing 25k maps, 25k preds, skipping

>>> Variant Injection Final Plots <<<
  Saved GnomAD plot to /grid/wsbs/home_norepl/pmantill/Human_nc_variants/SEAM_population_analysis/SEAM_ChromBPNet/LCL_population_variants/results/results_final/variant_inject/gnomad_mech_diversity_vs_AF_k100.png
caqtl_eur: no variant injection results found
caqtl_afr: no variants matched coefficient data

Pipeline complete.

Done: Sat Mar  7 16:14:32 EST 2026
