==============================================
ChromBPNet DeepSHAP Attributions
Job ID:    829120
Array:     11/34
Locus:     PIK3R3
Node:      bamgpu16
GPU:       0
Start:     Fri Mar  6 19:24:16 EST 2026
==============================================
Processing 1 loci: ['PIK3R3']

>>> Step 1: DeepSHAP Attribution Maps <<<
Loading ChromBPNet model from /grid/wsbs/home_norepl/pmantill/Human_nc_variants/SEAM_population_analysis/SEAM_ChromBPNet/models/ENCFF673TIN.tar.gz (fold_0)...
Model loaded: ./fold_0/model.chrombpnet_nobias.fold_0.ENCSR000EMT.h5

==================================================
PIK3R3: DeepLIFT/SHAP attributions
==================================================
  Computing predictions for 25000 sequences...
  Saved predictions (25000,) to /grid/wsbs/home_norepl/pmantill/Human_nc_variants/SEAM_population_analysis/SEAM_ChromBPNet/LCL_population_variants/DeepSHAP_lib/preds_PIK3R3_25000.npy
  Chunk [0:256] pre-computing 50 dinuc shuffles...
  Chunk [0:256] running DeepLIFT/SHAP (batch_size=8)...
    256/25000 sequences attributed
  Chunk [256:512] pre-computing 50 dinuc shuffles...
  Chunk [256:512] running DeepLIFT/SHAP (batch_size=8)...
    512/25000 sequences attributed
  Chunk [512:768] pre-computing 50 dinuc shuffles...
  Chunk [512:768] running DeepLIFT/SHAP (batch_size=8)...
    768/25000 sequences attributed
  Chunk [768:1024] pre-computing 50 dinuc shuffles...
  Chunk [768:1024] running DeepLIFT/SHAP (batch_size=8)...
    1024/25000 sequences attributed
  Chunk [1024:1280] pre-computing 50 dinuc shuffles...
  Chunk [1024:1280] running DeepLIFT/SHAP (batch_size=8)...
    1280/25000 sequences attributed
  Chunk [1280:1536] pre-computing 50 dinuc shuffles...
  Chunk [1280:1536] running DeepLIFT/SHAP (batch_size=8)...
    1536/25000 sequences attributed
  Chunk [1536:1792] pre-computing 50 dinuc shuffles...
  Chunk [1536:1792] running DeepLIFT/SHAP (batch_size=8)...
    1792/25000 sequences attributed
  Chunk [1792:2048] pre-computing 50 dinuc shuffles...
  Chunk [1792:2048] running DeepLIFT/SHAP (batch_size=8)...
    2048/25000 sequences attributed
  Chunk [2048:2304] pre-computing 50 dinuc shuffles...
  Chunk [2048:2304] running DeepLIFT/SHAP (batch_size=8)...
    2304/25000 sequences attributed
  Chunk [2304:2560] pre-computing 50 dinuc shuffles...
  Chunk [2304:2560] running DeepLIFT/SHAP (batch_size=8)...
    2560/25000 sequences attributed
  Chunk [2560:2816] pre-computing 50 dinuc shuffles...
  Chunk [2560:2816] running DeepLIFT/SHAP (batch_size=8)...
    2816/25000 sequences attributed
  Chunk [2816:3072] pre-computing 50 dinuc shuffles...
  Chunk [2816:3072] running DeepLIFT/SHAP (batch_size=8)...
    3072/25000 sequences attributed
  Chunk [3072:3328] pre-computing 50 dinuc shuffles...
  Chunk [3072:3328] running DeepLIFT/SHAP (batch_size=8)...
    3328/25000 sequences attributed
  Chunk [3328:3584] pre-computing 50 dinuc shuffles...
  Chunk [3328:3584] running DeepLIFT/SHAP (batch_size=8)...
    3584/25000 sequences attributed
  Chunk [3584:3840] pre-computing 50 dinuc shuffles...
  Chunk [3584:3840] running DeepLIFT/SHAP (batch_size=8)...
    3840/25000 sequences attributed
  Chunk [3840:4096] pre-computing 50 dinuc shuffles...
  Chunk [3840:4096] running DeepLIFT/SHAP (batch_size=8)...
    4096/25000 sequences attributed
  Chunk [4096:4352] pre-computing 50 dinuc shuffles...
  Chunk [4096:4352] running DeepLIFT/SHAP (batch_size=8)...
    4352/25000 sequences attributed
  Chunk [4352:4608] pre-computing 50 dinuc shuffles...
  Chunk [4352:4608] running DeepLIFT/SHAP (batch_size=8)...
    4608/25000 sequences attributed
  Chunk [4608:4864] pre-computing 50 dinuc shuffles...
  Chunk [4608:4864] running DeepLIFT/SHAP (batch_size=8)...
    4864/25000 sequences attributed
  Chunk [4864:5120] pre-computing 50 dinuc shuffles...
  Chunk [4864:5120] running DeepLIFT/SHAP (batch_size=8)...
    5120/25000 sequences attributed
  Chunk [5120:5376] pre-computing 50 dinuc shuffles...
  Chunk [5120:5376] running DeepLIFT/SHAP (batch_size=8)...
    5376/25000 sequences attributed
  Chunk [5376:5632] pre-computing 50 dinuc shuffles...
  Chunk [5376:5632] running DeepLIFT/SHAP (batch_size=8)...
    5632/25000 sequences attributed
  Chunk [5632:5888] pre-computing 50 dinuc shuffles...
  Chunk [5632:5888] running DeepLIFT/SHAP (batch_size=8)...
    5888/25000 sequences attributed
  Chunk [5888:6144] pre-computing 50 dinuc shuffles...
  Chunk [5888:6144] running DeepLIFT/SHAP (batch_size=8)...
    6144/25000 sequences attributed
  Chunk [6144:6400] pre-computing 50 dinuc shuffles...
  Chunk [6144:6400] running DeepLIFT/SHAP (batch_size=8)...
    6400/25000 sequences attributed
  Chunk [6400:6656] pre-computing 50 dinuc shuffles...
  Chunk [6400:6656] running DeepLIFT/SHAP (batch_size=8)...
    6656/25000 sequences attributed
  Chunk [6656:6912] pre-computing 50 dinuc shuffles...
  Chunk [6656:6912] running DeepLIFT/SHAP (batch_size=8)...
    6912/25000 sequences attributed
  Chunk [6912:7168] pre-computing 50 dinuc shuffles...
  Chunk [6912:7168] running DeepLIFT/SHAP (batch_size=8)...
    7168/25000 sequences attributed
  Chunk [7168:7424] pre-computing 50 dinuc shuffles...
  Chunk [7168:7424] running DeepLIFT/SHAP (batch_size=8)...
    7424/25000 sequences attributed
  Chunk [7424:7680] pre-computing 50 dinuc shuffles...
  Chunk [7424:7680] running DeepLIFT/SHAP (batch_size=8)...
    7680/25000 sequences attributed
  Chunk [7680:7936] pre-computing 50 dinuc shuffles...
  Chunk [7680:7936] running DeepLIFT/SHAP (batch_size=8)...
    7936/25000 sequences attributed
  Chunk [7936:8192] pre-computing 50 dinuc shuffles...
  Chunk [7936:8192] running DeepLIFT/SHAP (batch_size=8)...
    8192/25000 sequences attributed
  Chunk [8192:8448] pre-computing 50 dinuc shuffles...
  Chunk [8192:8448] running DeepLIFT/SHAP (batch_size=8)...
