==============================================
Variant Injection + Clustering
Job ID:    830256
Array:     14/34
Locus:     HLA-C
Node:      bam23
Start:     Sun Mar  8 14:20:48 EDT 2026
==============================================
Processing 1 loci: ['HLA-C']

>>> Variant Injection: gnomad (k=100) <<<
HLA-C: injected cluster results exist (gnomad, k=100), skipping

>>> Variant Injection: caqtl_eur (k=100) <<<
HLA-C: injected cluster results exist (caqtl_eur, k=100), skipping

>>> Variant Injection: caqtl_afr (k=100) <<<
HLA-C: injected cluster results exist (caqtl_afr, k=100), skipping

>>> Variant Injection Final Plots <<<
  Saved GnomAD plot to /grid/wsbs/home_norepl/pmantill/Human_nc_variants/SEAM_population_analysis/SEAM_ChromBPNet/LCL_population_variants/results/results_final/variant_inject/gnomad_mech_diversity_vs_AF_k100.png
  Saved GnomAD causality plot to /grid/wsbs/home_norepl/pmantill/Human_nc_variants/SEAM_population_analysis/SEAM_ChromBPNet/LCL_population_variants/results/results_final/variant_inject/gnomad_mech_causality_vs_AF_k100.png
  Saved caqtl_eur plot to /grid/wsbs/home_norepl/pmantill/Human_nc_variants/SEAM_population_analysis/SEAM_ChromBPNet/LCL_population_variants/results/results_final/variant_inject/caqtl_eur_pred_vs_actual_k100.png
  Saved caqtl_afr plot to /grid/wsbs/home_norepl/pmantill/Human_nc_variants/SEAM_population_analysis/SEAM_ChromBPNet/LCL_population_variants/results/results_final/variant_inject/caqtl_afr_pred_vs_actual_k100.png

Pipeline complete.

Done: Sun Mar  8 14:20:57 EDT 2026
