==============================================
Variant Injection + Clustering
Job ID:    829990
Array:     13/34
Locus:     HLA-B
Node:      bam25
Start:     Sat Mar  7 16:13:45 EST 2026
==============================================
Processing 1 loci: ['HLA-B']

>>> Variant Injection: gnomad (k=100) <<<

==================================================
HLA-B: variant injection (gnomad, k=100)
==================================================
  Injected 1241 variants at indices (first 5): [106 112 119 131 132]
  Clustering 25000 maps into 100 clusters...
  WT cluster=30, variants span 70 clusters
  Saved to /grid/wsbs/home_norepl/pmantill/Human_nc_variants/SEAM_population_analysis/SEAM_ChromBPNet/LCL_population_variants/cluster_results/variant_inject/gnomad/HLA-B/k100

>>> Variant Injection: caqtl_eur (k=100) <<<

==================================================
HLA-B: variant injection (caqtl_eur, k=100)
==================================================
  Injected 36 variants at indices (first 5): [1596 2147 2229 2304 2352]
  Clustering 25000 maps into 100 clusters...
  WT cluster=86, variants span 10 clusters
  Saved to /grid/wsbs/home_norepl/pmantill/Human_nc_variants/SEAM_population_analysis/SEAM_ChromBPNet/LCL_population_variants/cluster_results/variant_inject/caqtl_eur/HLA-B/k100

>>> Variant Injection: caqtl_afr (k=100) <<<

==================================================
HLA-B: variant injection (caqtl_afr, k=100)
==================================================
  Injected 4 variants at indices (first 5): [ 2231 10972 16363 19347]
  Clustering 25000 maps into 100 clusters...
  WT cluster=24, variants span 3 clusters
  Saved to /grid/wsbs/home_norepl/pmantill/Human_nc_variants/SEAM_population_analysis/SEAM_ChromBPNet/LCL_population_variants/cluster_results/variant_inject/caqtl_afr/HLA-B/k100

>>> Variant Injection Final Plots <<<
  Saved GnomAD plot to /grid/wsbs/home_norepl/pmantill/Human_nc_variants/SEAM_population_analysis/SEAM_ChromBPNet/LCL_population_variants/results/results_final/variant_inject/gnomad_mech_diversity_vs_AF_k100.png
  Saved GnomAD causality plot to /grid/wsbs/home_norepl/pmantill/Human_nc_variants/SEAM_population_analysis/SEAM_ChromBPNet/LCL_population_variants/results/results_final/variant_inject/gnomad_mech_causality_vs_AF_k100.png
  Saved caqtl_eur plot to /grid/wsbs/home_norepl/pmantill/Human_nc_variants/SEAM_population_analysis/SEAM_ChromBPNet/LCL_population_variants/results/results_final/variant_inject/caqtl_eur_pred_vs_actual_k100.png
  Saved caqtl_afr plot to /grid/wsbs/home_norepl/pmantill/Human_nc_variants/SEAM_population_analysis/SEAM_ChromBPNet/LCL_population_variants/results/results_final/variant_inject/caqtl_afr_pred_vs_actual_k100.png

Pipeline complete.

Done: Sun Mar  8 04:06:40 EDT 2026
