==============================================
Variant Injection + Clustering
Job ID:    829945
Array:     19/34
Locus:     HLA-DRA
Node:      bam33
Start:     Sat Mar  7 15:38:15 EST 2026
==============================================
Processing 1 loci: ['HLA-DRA']

>>> Variant Injection: gnomad (k=100) <<<
HLA-DRA: missing 25k maps, 25k preds, variant maps, variant preds, variant metadata, skipping

>>> Variant Injection: caqtl_eur (k=100) <<<
HLA-DRA: missing 25k maps, 25k preds, skipping

>>> Variant Injection: caqtl_afr (k=100) <<<
HLA-DRA: missing 25k maps, 25k preds, skipping

>>> Variant Injection Final Plots <<<
GnomAD: no variant injection results found
caqtl_eur: no variant injection results found
caqtl_afr: no variant injection results found

Pipeline complete.

Done: Sat Mar  7 15:38:47 EST 2026
