==============================================
Variant Injection + Clustering
Job ID:    829932
Array:     6/34
Locus:     CRTAM
Node:      bam20
Start:     Sat Mar  7 15:38:15 EST 2026
==============================================
Processing 1 loci: ['CRTAM']

>>> Variant Injection: gnomad (k=100) <<<
CRTAM: missing variant maps, variant preds, variant metadata, skipping

>>> Variant Injection: caqtl_eur (k=100) <<<
CRTAM: missing variant maps, variant preds, variant metadata, skipping

>>> Variant Injection: caqtl_afr (k=100) <<<
CRTAM: missing variant maps, variant preds, variant metadata, skipping

>>> Variant Injection Final Plots <<<
GnomAD: no variant injection results found
caqtl_eur: no variant injection results found
caqtl_afr: no variant injection results found

Pipeline complete.

Done: Sat Mar  7 15:38:24 EST 2026
