==============================================
ChromBPNet SEAM Results
Job ID:    829385
Args:      
Node:      bam32
Start:     Sat Mar  7 08:53:14 EST 2026
==============================================

>>> Step 3: Per-locus Results <<<
IRF7: generating seq results...
  Saved to /grid/wsbs/home_norepl/pmantill/Human_nc_variants/SEAM_population_analysis/SEAM_ChromBPNet/LCL_population_variants/results/seq_results/IRF7
EH38E3485200: generating seq results...
  Saved to /grid/wsbs/home_norepl/pmantill/Human_nc_variants/SEAM_population_analysis/SEAM_ChromBPNet/LCL_population_variants/results/seq_results/EH38E3485200
RPL10A: generating seq results...
  Saved to /grid/wsbs/home_norepl/pmantill/Human_nc_variants/SEAM_population_analysis/SEAM_ChromBPNet/LCL_population_variants/results/seq_results/RPL10A
RPL35: generating seq results...
  Saved to /grid/wsbs/home_norepl/pmantill/Human_nc_variants/SEAM_population_analysis/SEAM_ChromBPNet/LCL_population_variants/results/seq_results/RPL35
PRSS1: generating seq results...
  Saved to /grid/wsbs/home_norepl/pmantill/Human_nc_variants/SEAM_population_analysis/SEAM_ChromBPNet/LCL_population_variants/results/seq_results/PRSS1
CD40: generating seq results...
  Saved to /grid/wsbs/home_norepl/pmantill/Human_nc_variants/SEAM_population_analysis/SEAM_ChromBPNet/LCL_population_variants/results/seq_results/CD40
CRTAM: generating seq results...
  Saved to /grid/wsbs/home_norepl/pmantill/Human_nc_variants/SEAM_population_analysis/SEAM_ChromBPNet/LCL_population_variants/results/seq_results/CRTAM
PDCD1LG2: generating seq results...
