==============================================
ChromBPNet DeepSHAP Attributions
Job ID:    829129
Array:     16/34
Locus:     HLA-DRB5
Node:      bamgpu15
GPU:       0
Start:     Fri Mar  6 19:48:08 EST 2026
==============================================
Processing 1 loci: ['HLA-DRB5']

>>> Step 1: DeepSHAP Attribution Maps <<<
Loading ChromBPNet model from /grid/wsbs/home_norepl/pmantill/Human_nc_variants/SEAM_population_analysis/SEAM_ChromBPNet/models/ENCFF673TIN.tar.gz (fold_0)...
Model loaded: ./fold_0/model.chrombpnet_nobias.fold_0.ENCSR000EMT.h5

==================================================
HLA-DRB5: DeepLIFT/SHAP attributions
==================================================
  Computing predictions for 25000 sequences...
  Saved predictions (25000,) to /grid/wsbs/home_norepl/pmantill/Human_nc_variants/SEAM_population_analysis/SEAM_ChromBPNet/LCL_population_variants/DeepSHAP_lib/preds_HLA-DRB5_25000.npy
  Chunk [0:256] pre-computing 50 dinuc shuffles...
  Chunk [0:256] running DeepLIFT/SHAP (batch_size=8)...
    256/25000 sequences attributed
  Chunk [256:512] pre-computing 50 dinuc shuffles...
  Chunk [256:512] running DeepLIFT/SHAP (batch_size=8)...
    512/25000 sequences attributed
  Chunk [512:768] pre-computing 50 dinuc shuffles...
  Chunk [512:768] running DeepLIFT/SHAP (batch_size=8)...
    768/25000 sequences attributed
  Chunk [768:1024] pre-computing 50 dinuc shuffles...
  Chunk [768:1024] running DeepLIFT/SHAP (batch_size=8)...
    1024/25000 sequences attributed
  Chunk [1024:1280] pre-computing 50 dinuc shuffles...
  Chunk [1024:1280] running DeepLIFT/SHAP (batch_size=8)...
    1280/25000 sequences attributed
  Chunk [1280:1536] pre-computing 50 dinuc shuffles...
  Chunk [1280:1536] running DeepLIFT/SHAP (batch_size=8)...
    1536/25000 sequences attributed
  Chunk [1536:1792] pre-computing 50 dinuc shuffles...
  Chunk [1536:1792] running DeepLIFT/SHAP (batch_size=8)...
    1792/25000 sequences attributed
  Chunk [1792:2048] pre-computing 50 dinuc shuffles...
  Chunk [1792:2048] running DeepLIFT/SHAP (batch_size=8)...
    2048/25000 sequences attributed
  Chunk [2048:2304] pre-computing 50 dinuc shuffles...
  Chunk [2048:2304] running DeepLIFT/SHAP (batch_size=8)...
