==============================================
Variant Injection + Clustering
Job ID:    829925
Array:     33/34
Locus:     TAZ
Node:      bam20
Start:     Sat Mar  7 15:38:49 EST 2026
==============================================
Processing 1 loci: ['TAZ']

>>> Variant Injection: gnomad (k=100) <<<
TAZ: missing 25k maps, 25k preds, skipping

>>> Variant Injection: caqtl_eur (k=100) <<<
TAZ: missing 25k maps, 25k preds, variant maps, variant preds, variant metadata, skipping

>>> Variant Injection: caqtl_afr (k=100) <<<
TAZ: missing 25k maps, 25k preds, skipping

>>> Variant Injection Final Plots <<<
GnomAD: no variant injection results found
caqtl_eur: no variant injection results found
caqtl_afr: no variant injection results found

Pipeline complete.

Done: Sat Mar  7 15:38:54 EST 2026
