==============================================
Variant Injection + Clustering
Job ID:    830329
Array:     20/34
Locus:     HLA-A
Node:      bam20
Start:     Sun Mar  8 15:53:41 EDT 2026
==============================================
Processing 1 loci: ['HLA-A']

>>> Variant Injection: gnomad (k=100) <<<

==================================================
HLA-A: variant injection (gnomad, k=100)
==================================================
  Injected 1658 variants at indices (first 5): [ 29  37  40  94 106]
  Clustering 25000 maps into 100 clusters...
  WT cluster=54, variants span 64 clusters
  Saved to /grid/wsbs/home_norepl/pmantill/Human_nc_variants/SEAM_population_analysis/SEAM_ChromBPNet/LCL_population_variants/cluster_results/variant_inject/gnomad/HLA-A/k100

>>> Variant Injection: caqtl_eur (k=100) <<<

==================================================
HLA-A: variant injection (caqtl_eur, k=100)
==================================================
  Injected 20 variants at indices (first 5): [2148 2230 2354 3203 5035]
  Clustering 25000 maps into 100 clusters...
  WT cluster=85, variants span 7 clusters
  Saved to /grid/wsbs/home_norepl/pmantill/Human_nc_variants/SEAM_population_analysis/SEAM_ChromBPNet/LCL_population_variants/cluster_results/variant_inject/caqtl_eur/HLA-A/k100

>>> Variant Injection: caqtl_afr (k=100) <<<

==================================================
HLA-A: variant injection (caqtl_afr, k=100)
==================================================
  Injected 11 variants at indices (first 5): [ 2149  2231  2355  5037 10823]
  Clustering 25000 maps into 100 clusters...
  WT cluster=29, variants span 5 clusters
  Saved to /grid/wsbs/home_norepl/pmantill/Human_nc_variants/SEAM_population_analysis/SEAM_ChromBPNet/LCL_population_variants/cluster_results/variant_inject/caqtl_afr/HLA-A/k100

>>> Variant Injection Final Plots <<<
  Saved GnomAD plot to /grid/wsbs/home_norepl/pmantill/Human_nc_variants/SEAM_population_analysis/SEAM_ChromBPNet/LCL_population_variants/results/results_final/variant_inject/gnomad_mech_diversity_vs_AF_k100.png
  Saved GnomAD causality plot to /grid/wsbs/home_norepl/pmantill/Human_nc_variants/SEAM_population_analysis/SEAM_ChromBPNet/LCL_population_variants/results/results_final/variant_inject/gnomad_mech_causality_vs_AF_k100.png
  Saved caqtl_eur plot to /grid/wsbs/home_norepl/pmantill/Human_nc_variants/SEAM_population_analysis/SEAM_ChromBPNet/LCL_population_variants/results/results_final/variant_inject/caqtl_eur_pred_vs_actual_k100.png
  Saved caqtl_afr plot to /grid/wsbs/home_norepl/pmantill/Human_nc_variants/SEAM_population_analysis/SEAM_ChromBPNet/LCL_population_variants/results/results_final/variant_inject/caqtl_afr_pred_vs_actual_k100.png

Pipeline complete.

Done: Sun Mar  8 16:30:56 EDT 2026
