==============================================
Variant Injection + Clustering
Job ID:    829989
Array:     12/34
Locus:     HLA-DQB1
Node:      bam25
Start:     Sat Mar  7 16:13:44 EST 2026
==============================================
Processing 1 loci: ['HLA-DQB1']

>>> Variant Injection: gnomad (k=100) <<<
HLA-DQB1: missing variant maps, variant preds, variant metadata, skipping

>>> Variant Injection: caqtl_eur (k=100) <<<

==================================================
HLA-DQB1: variant injection (caqtl_eur, k=100)
==================================================
  Injected 20 variants at indices (first 5): [2148 2230 2354 3203 5035]
  Clustering 25000 maps into 100 clusters...
  WT cluster=93, variants span 11 clusters
  Saved to /grid/wsbs/home_norepl/pmantill/Human_nc_variants/SEAM_population_analysis/SEAM_ChromBPNet/LCL_population_variants/cluster_results/variant_inject/caqtl_eur/HLA-DQB1/k100

>>> Variant Injection: caqtl_afr (k=100) <<<

==================================================
HLA-DQB1: variant injection (caqtl_afr, k=100)
==================================================
  Injected 25 variants at indices (first 5): [2148 2230 2353 3202 4564]
  Clustering 25000 maps into 100 clusters...
  WT cluster=74, variants span 10 clusters
  Saved to /grid/wsbs/home_norepl/pmantill/Human_nc_variants/SEAM_population_analysis/SEAM_ChromBPNet/LCL_population_variants/cluster_results/variant_inject/caqtl_afr/HLA-DQB1/k100

>>> Variant Injection Final Plots <<<
  Saved GnomAD plot to /grid/wsbs/home_norepl/pmantill/Human_nc_variants/SEAM_population_analysis/SEAM_ChromBPNet/LCL_population_variants/results/results_final/variant_inject/gnomad_mech_diversity_vs_AF_k100.png
  Saved GnomAD causality plot to /grid/wsbs/home_norepl/pmantill/Human_nc_variants/SEAM_population_analysis/SEAM_ChromBPNet/LCL_population_variants/results/results_final/variant_inject/gnomad_mech_causality_vs_AF_k100.png
  Saved caqtl_eur plot to /grid/wsbs/home_norepl/pmantill/Human_nc_variants/SEAM_population_analysis/SEAM_ChromBPNet/LCL_population_variants/results/results_final/variant_inject/caqtl_eur_pred_vs_actual_k100.png
  Saved caqtl_afr plot to /grid/wsbs/home_norepl/pmantill/Human_nc_variants/SEAM_population_analysis/SEAM_ChromBPNet/LCL_population_variants/results/results_final/variant_inject/caqtl_afr_pred_vs_actual_k100.png

Pipeline complete.

Done: Sun Mar  8 00:15:27 EST 2026
