==============================================
Variant Injection + Clustering
Job ID:    830267
Array:     25/34
Locus:     B-ACTIN
Node:      bam21
Start:     Sun Mar  8 14:21:13 EDT 2026
==============================================
Processing 1 loci: ['B-ACTIN']

>>> Variant Injection: gnomad (k=100) <<<

==================================================
B-ACTIN: variant injection (gnomad, k=100)
==================================================
  Injected 928 variants at indices (first 5): [106 119 131 132 133]
  Clustering 25000 maps into 100 clusters...
  WT cluster=53, variants span 47 clusters
  Saved to /grid/wsbs/home_norepl/pmantill/Human_nc_variants/SEAM_population_analysis/SEAM_ChromBPNet/LCL_population_variants/cluster_results/variant_inject/gnomad/B-ACTIN/k100

>>> Variant Injection: caqtl_eur (k=100) <<<
B-ACTIN: missing variant maps, variant preds, variant metadata, skipping

>>> Variant Injection: caqtl_afr (k=100) <<<
B-ACTIN: missing variant maps, variant preds, variant metadata, skipping

>>> Variant Injection Final Plots <<<
  Saved GnomAD plot to /grid/wsbs/home_norepl/pmantill/Human_nc_variants/SEAM_population_analysis/SEAM_ChromBPNet/LCL_population_variants/results/results_final/variant_inject/gnomad_mech_diversity_vs_AF_k100.png
  Saved GnomAD causality plot to /grid/wsbs/home_norepl/pmantill/Human_nc_variants/SEAM_population_analysis/SEAM_ChromBPNet/LCL_population_variants/results/results_final/variant_inject/gnomad_mech_causality_vs_AF_k100.png
  Saved caqtl_eur plot to /grid/wsbs/home_norepl/pmantill/Human_nc_variants/SEAM_population_analysis/SEAM_ChromBPNet/LCL_population_variants/results/results_final/variant_inject/caqtl_eur_pred_vs_actual_k100.png
  Saved caqtl_afr plot to /grid/wsbs/home_norepl/pmantill/Human_nc_variants/SEAM_population_analysis/SEAM_ChromBPNet/LCL_population_variants/results/results_final/variant_inject/caqtl_afr_pred_vs_actual_k100.png

Pipeline complete.

Done: Sun Mar  8 14:33:34 EDT 2026
