==============================================
ChromBPNet DeepSHAP Attributions
Job ID:    830142
Array:     22/34
Locus:     BCL2
Node:      bamgpu19
GPU:       0
Start:     Sun Mar  8 08:46:33 EDT 2026
==============================================
Processing 1 loci: ['BCL2']

>>> Step 1: DeepSHAP Attribution Maps <<<
Loading ChromBPNet model from /grid/wsbs/home_norepl/pmantill/Human_nc_variants/SEAM_population_analysis/SEAM_ChromBPNet/models/ENCFF673TIN.tar.gz (fold_0)...
Model loaded: ./fold_0/model.chrombpnet_nobias.fold_0.ENCSR000EMT.h5

==================================================
BCL2: DeepLIFT/SHAP attributions
==================================================
  Computing predictions for 25000 sequences...
  Saved predictions (25000,) to /grid/wsbs/home_norepl/pmantill/Human_nc_variants/SEAM_population_analysis/SEAM_ChromBPNet/LCL_population_variants/DeepSHAP_lib/preds_BCL2_25000.npy
  Chunk [0:256] pre-computing 50 dinuc shuffles...
  Chunk [0:256] running DeepLIFT/SHAP (batch_size=8)...
    256/25000 sequences attributed
  Chunk [256:512] pre-computing 50 dinuc shuffles...
  Chunk [256:512] running DeepLIFT/SHAP (batch_size=8)...
    512/25000 sequences attributed
  Chunk [512:768] pre-computing 50 dinuc shuffles...
  Chunk [512:768] running DeepLIFT/SHAP (batch_size=8)...
    768/25000 sequences attributed
  Chunk [768:1024] pre-computing 50 dinuc shuffles...
  Chunk [768:1024] running DeepLIFT/SHAP (batch_size=8)...
    1024/25000 sequences attributed
  Chunk [1024:1280] pre-computing 50 dinuc shuffles...
  Chunk [1024:1280] running DeepLIFT/SHAP (batch_size=8)...
    1280/25000 sequences attributed
  Chunk [1280:1536] pre-computing 50 dinuc shuffles...
  Chunk [1280:1536] running DeepLIFT/SHAP (batch_size=8)...
    1536/25000 sequences attributed
  Chunk [1536:1792] pre-computing 50 dinuc shuffles...
  Chunk [1536:1792] running DeepLIFT/SHAP (batch_size=8)...
    1792/25000 sequences attributed
  Chunk [1792:2048] pre-computing 50 dinuc shuffles...
  Chunk [1792:2048] running DeepLIFT/SHAP (batch_size=8)...
    2048/25000 sequences attributed
  Chunk [2048:2304] pre-computing 50 dinuc shuffles...
  Chunk [2048:2304] running DeepLIFT/SHAP (batch_size=8)...
    2304/25000 sequences attributed
  Chunk [2304:2560] pre-computing 50 dinuc shuffles...
  Chunk [2304:2560] running DeepLIFT/SHAP (batch_size=8)...
    2560/25000 sequences attributed
  Chunk [2560:2816] pre-computing 50 dinuc shuffles...
  Chunk [2560:2816] running DeepLIFT/SHAP (batch_size=8)...
    2816/25000 sequences attributed
  Chunk [2816:3072] pre-computing 50 dinuc shuffles...
  Chunk [2816:3072] running DeepLIFT/SHAP (batch_size=8)...
    3072/25000 sequences attributed
  Chunk [3072:3328] pre-computing 50 dinuc shuffles...
  Chunk [3072:3328] running DeepLIFT/SHAP (batch_size=8)...
    3328/25000 sequences attributed
  Chunk [3328:3584] pre-computing 50 dinuc shuffles...
  Chunk [3328:3584] running DeepLIFT/SHAP (batch_size=8)...
    3584/25000 sequences attributed
  Chunk [3584:3840] pre-computing 50 dinuc shuffles...
  Chunk [3584:3840] running DeepLIFT/SHAP (batch_size=8)...
    3840/25000 sequences attributed
  Chunk [3840:4096] pre-computing 50 dinuc shuffles...
  Chunk [3840:4096] running DeepLIFT/SHAP (batch_size=8)...
    4096/25000 sequences attributed
  Chunk [4096:4352] pre-computing 50 dinuc shuffles...
  Chunk [4096:4352] running DeepLIFT/SHAP (batch_size=8)...
    4352/25000 sequences attributed
  Chunk [4352:4608] pre-computing 50 dinuc shuffles...
  Chunk [4352:4608] running DeepLIFT/SHAP (batch_size=8)...
    4608/25000 sequences attributed
  Chunk [4608:4864] pre-computing 50 dinuc shuffles...
  Chunk [4608:4864] running DeepLIFT/SHAP (batch_size=8)...
    4864/25000 sequences attributed
  Chunk [4864:5120] pre-computing 50 dinuc shuffles...
  Chunk [4864:5120] running DeepLIFT/SHAP (batch_size=8)...
    5120/25000 sequences attributed
  Chunk [5120:5376] pre-computing 50 dinuc shuffles...
  Chunk [5120:5376] running DeepLIFT/SHAP (batch_size=8)...
    5376/25000 sequences attributed
  Chunk [5376:5632] pre-computing 50 dinuc shuffles...
  Chunk [5376:5632] running DeepLIFT/SHAP (batch_size=8)...
    5632/25000 sequences attributed
  Chunk [5632:5888] pre-computing 50 dinuc shuffles...
  Chunk [5632:5888] running DeepLIFT/SHAP (batch_size=8)...
    5888/25000 sequences attributed
  Chunk [5888:6144] pre-computing 50 dinuc shuffles...
  Chunk [5888:6144] running DeepLIFT/SHAP (batch_size=8)...
    6144/25000 sequences attributed
  Chunk [6144:6400] pre-computing 50 dinuc shuffles...
  Chunk [6144:6400] running DeepLIFT/SHAP (batch_size=8)...
    6400/25000 sequences attributed
  Chunk [6400:6656] pre-computing 50 dinuc shuffles...
  Chunk [6400:6656] running DeepLIFT/SHAP (batch_size=8)...
    6656/25000 sequences attributed
  Chunk [6656:6912] pre-computing 50 dinuc shuffles...
  Chunk [6656:6912] running DeepLIFT/SHAP (batch_size=8)...
    6912/25000 sequences attributed
  Chunk [6912:7168] pre-computing 50 dinuc shuffles...
  Chunk [6912:7168] running DeepLIFT/SHAP (batch_size=8)...
    7168/25000 sequences attributed
  Chunk [7168:7424] pre-computing 50 dinuc shuffles...
  Chunk [7168:7424] running DeepLIFT/SHAP (batch_size=8)...
    7424/25000 sequences attributed
  Chunk [7424:7680] pre-computing 50 dinuc shuffles...
  Chunk [7424:7680] running DeepLIFT/SHAP (batch_size=8)...
    7680/25000 sequences attributed
  Chunk [7680:7936] pre-computing 50 dinuc shuffles...
  Chunk [7680:7936] running DeepLIFT/SHAP (batch_size=8)...
    7936/25000 sequences attributed
  Chunk [7936:8192] pre-computing 50 dinuc shuffles...
  Chunk [7936:8192] running DeepLIFT/SHAP (batch_size=8)...
    8192/25000 sequences attributed
  Chunk [8192:8448] pre-computing 50 dinuc shuffles...
  Chunk [8192:8448] running DeepLIFT/SHAP (batch_size=8)...
    8448/25000 sequences attributed
  Chunk [8448:8704] pre-computing 50 dinuc shuffles...
  Chunk [8448:8704] running DeepLIFT/SHAP (batch_size=8)...
    8704/25000 sequences attributed
  Chunk [8704:8960] pre-computing 50 dinuc shuffles...
  Chunk [8704:8960] running DeepLIFT/SHAP (batch_size=8)...
    8960/25000 sequences attributed
  Chunk [8960:9216] pre-computing 50 dinuc shuffles...
  Chunk [8960:9216] running DeepLIFT/SHAP (batch_size=8)...
    9216/25000 sequences attributed
  Chunk [9216:9472] pre-computing 50 dinuc shuffles...
  Chunk [9216:9472] running DeepLIFT/SHAP (batch_size=8)...
    9472/25000 sequences attributed
  Chunk [9472:9728] pre-computing 50 dinuc shuffles...
  Chunk [9472:9728] running DeepLIFT/SHAP (batch_size=8)...
    9728/25000 sequences attributed
  Chunk [9728:9984] pre-computing 50 dinuc shuffles...
  Chunk [9728:9984] running DeepLIFT/SHAP (batch_size=8)...
    9984/25000 sequences attributed
  Chunk [9984:10240] pre-computing 50 dinuc shuffles...
  Chunk [9984:10240] running DeepLIFT/SHAP (batch_size=8)...
    10240/25000 sequences attributed
  Chunk [10240:10496] pre-computing 50 dinuc shuffles...
  Chunk [10240:10496] running DeepLIFT/SHAP (batch_size=8)...
    10496/25000 sequences attributed
  Chunk [10496:10752] pre-computing 50 dinuc shuffles...
  Chunk [10496:10752] running DeepLIFT/SHAP (batch_size=8)...
    10752/25000 sequences attributed
  Chunk [10752:11008] pre-computing 50 dinuc shuffles...
  Chunk [10752:11008] running DeepLIFT/SHAP (batch_size=8)...
    11008/25000 sequences attributed
  Chunk [11008:11264] pre-computing 50 dinuc shuffles...
  Chunk [11008:11264] running DeepLIFT/SHAP (batch_size=8)...
    11264/25000 sequences attributed
  Chunk [11264:11520] pre-computing 50 dinuc shuffles...
  Chunk [11264:11520] running DeepLIFT/SHAP (batch_size=8)...
    11520/25000 sequences attributed
  Chunk [11520:11776] pre-computing 50 dinuc shuffles...
  Chunk [11520:11776] running DeepLIFT/SHAP (batch_size=8)...
    11776/25000 sequences attributed
  Chunk [11776:12032] pre-computing 50 dinuc shuffles...
  Chunk [11776:12032] running DeepLIFT/SHAP (batch_size=8)...
    12032/25000 sequences attributed
  Chunk [12032:12288] pre-computing 50 dinuc shuffles...
  Chunk [12032:12288] running DeepLIFT/SHAP (batch_size=8)...
    12288/25000 sequences attributed
  Chunk [12288:12544] pre-computing 50 dinuc shuffles...
  Chunk [12288:12544] running DeepLIFT/SHAP (batch_size=8)...
    12544/25000 sequences attributed
  Chunk [12544:12800] pre-computing 50 dinuc shuffles...
  Chunk [12544:12800] running DeepLIFT/SHAP (batch_size=8)...
    12800/25000 sequences attributed
  Chunk [12800:13056] pre-computing 50 dinuc shuffles...
  Chunk [12800:13056] running DeepLIFT/SHAP (batch_size=8)...
    13056/25000 sequences attributed
  Chunk [13056:13312] pre-computing 50 dinuc shuffles...
  Chunk [13056:13312] running DeepLIFT/SHAP (batch_size=8)...
    13312/25000 sequences attributed
  Chunk [13312:13568] pre-computing 50 dinuc shuffles...
  Chunk [13312:13568] running DeepLIFT/SHAP (batch_size=8)...
    13568/25000 sequences attributed
  Chunk [13568:13824] pre-computing 50 dinuc shuffles...
  Chunk [13568:13824] running DeepLIFT/SHAP (batch_size=8)...
    13824/25000 sequences attributed
  Chunk [13824:14080] pre-computing 50 dinuc shuffles...
  Chunk [13824:14080] running DeepLIFT/SHAP (batch_size=8)...
    14080/25000 sequences attributed
  Chunk [14080:14336] pre-computing 50 dinuc shuffles...
  Chunk [14080:14336] running DeepLIFT/SHAP (batch_size=8)...
    14336/25000 sequences attributed
  Chunk [14336:14592] pre-computing 50 dinuc shuffles...
  Chunk [14336:14592] running DeepLIFT/SHAP (batch_size=8)...
    14592/25000 sequences attributed
  Chunk [14592:14848] pre-computing 50 dinuc shuffles...
  Chunk [14592:14848] running DeepLIFT/SHAP (batch_size=8)...
    14848/25000 sequences attributed
  Chunk [14848:15104] pre-computing 50 dinuc shuffles...
  Chunk [14848:15104] running DeepLIFT/SHAP (batch_size=8)...
    15104/25000 sequences attributed
  Chunk [15104:15360] pre-computing 50 dinuc shuffles...
  Chunk [15104:15360] running DeepLIFT/SHAP (batch_size=8)...
    15360/25000 sequences attributed
  Chunk [15360:15616] pre-computing 50 dinuc shuffles...
  Chunk [15360:15616] running DeepLIFT/SHAP (batch_size=8)...
    15616/25000 sequences attributed
  Chunk [15616:15872] pre-computing 50 dinuc shuffles...
  Chunk [15616:15872] running DeepLIFT/SHAP (batch_size=8)...
    15872/25000 sequences attributed
  Chunk [15872:16128] pre-computing 50 dinuc shuffles...
  Chunk [15872:16128] running DeepLIFT/SHAP (batch_size=8)...
    16128/25000 sequences attributed
  Chunk [16128:16384] pre-computing 50 dinuc shuffles...
  Chunk [16128:16384] running DeepLIFT/SHAP (batch_size=8)...
    16384/25000 sequences attributed
  Chunk [16384:16640] pre-computing 50 dinuc shuffles...
  Chunk [16384:16640] running DeepLIFT/SHAP (batch_size=8)...
    16640/25000 sequences attributed
  Chunk [16640:16896] pre-computing 50 dinuc shuffles...
  Chunk [16640:16896] running DeepLIFT/SHAP (batch_size=8)...
    16896/25000 sequences attributed
  Chunk [16896:17152] pre-computing 50 dinuc shuffles...
  Chunk [16896:17152] running DeepLIFT/SHAP (batch_size=8)...
    17152/25000 sequences attributed
  Chunk [17152:17408] pre-computing 50 dinuc shuffles...
  Chunk [17152:17408] running DeepLIFT/SHAP (batch_size=8)...
    17408/25000 sequences attributed
  Chunk [17408:17664] pre-computing 50 dinuc shuffles...
  Chunk [17408:17664] running DeepLIFT/SHAP (batch_size=8)...
    17664/25000 sequences attributed
  Chunk [17664:17920] pre-computing 50 dinuc shuffles...
  Chunk [17664:17920] running DeepLIFT/SHAP (batch_size=8)...
    17920/25000 sequences attributed
  Chunk [17920:18176] pre-computing 50 dinuc shuffles...
  Chunk [17920:18176] running DeepLIFT/SHAP (batch_size=8)...
    18176/25000 sequences attributed
  Chunk [18176:18432] pre-computing 50 dinuc shuffles...
  Chunk [18176:18432] running DeepLIFT/SHAP (batch_size=8)...
    18432/25000 sequences attributed
  Chunk [18432:18688] pre-computing 50 dinuc shuffles...
  Chunk [18432:18688] running DeepLIFT/SHAP (batch_size=8)...
    18688/25000 sequences attributed
  Chunk [18688:18944] pre-computing 50 dinuc shuffles...
  Chunk [18688:18944] running DeepLIFT/SHAP (batch_size=8)...
    18944/25000 sequences attributed
  Chunk [18944:19200] pre-computing 50 dinuc shuffles...
  Chunk [18944:19200] running DeepLIFT/SHAP (batch_size=8)...
    19200/25000 sequences attributed
  Chunk [19200:19456] pre-computing 50 dinuc shuffles...
  Chunk [19200:19456] running DeepLIFT/SHAP (batch_size=8)...
    19456/25000 sequences attributed
  Chunk [19456:19712] pre-computing 50 dinuc shuffles...
  Chunk [19456:19712] running DeepLIFT/SHAP (batch_size=8)...
    19712/25000 sequences attributed
  Chunk [19712:19968] pre-computing 50 dinuc shuffles...
  Chunk [19712:19968] running DeepLIFT/SHAP (batch_size=8)...
    19968/25000 sequences attributed
  Chunk [19968:20224] pre-computing 50 dinuc shuffles...
  Chunk [19968:20224] running DeepLIFT/SHAP (batch_size=8)...
    20224/25000 sequences attributed
  Chunk [20224:20480] pre-computing 50 dinuc shuffles...
  Chunk [20224:20480] running DeepLIFT/SHAP (batch_size=8)...
    20480/25000 sequences attributed
  Chunk [20480:20736] pre-computing 50 dinuc shuffles...
  Chunk [20480:20736] running DeepLIFT/SHAP (batch_size=8)...
    20736/25000 sequences attributed
  Chunk [20736:20992] pre-computing 50 dinuc shuffles...
  Chunk [20736:20992] running DeepLIFT/SHAP (batch_size=8)...
    20992/25000 sequences attributed
  Chunk [20992:21248] pre-computing 50 dinuc shuffles...
  Chunk [20992:21248] running DeepLIFT/SHAP (batch_size=8)...
    21248/25000 sequences attributed
  Chunk [21248:21504] pre-computing 50 dinuc shuffles...
  Chunk [21248:21504] running DeepLIFT/SHAP (batch_size=8)...
    21504/25000 sequences attributed
  Chunk [21504:21760] pre-computing 50 dinuc shuffles...
  Chunk [21504:21760] running DeepLIFT/SHAP (batch_size=8)...
    21760/25000 sequences attributed
  Chunk [21760:22016] pre-computing 50 dinuc shuffles...
  Chunk [21760:22016] running DeepLIFT/SHAP (batch_size=8)...
    22016/25000 sequences attributed
  Chunk [22016:22272] pre-computing 50 dinuc shuffles...
  Chunk [22016:22272] running DeepLIFT/SHAP (batch_size=8)...
    22272/25000 sequences attributed
  Chunk [22272:22528] pre-computing 50 dinuc shuffles...
  Chunk [22272:22528] running DeepLIFT/SHAP (batch_size=8)...
    22528/25000 sequences attributed
  Chunk [22528:22784] pre-computing 50 dinuc shuffles...
  Chunk [22528:22784] running DeepLIFT/SHAP (batch_size=8)...
    22784/25000 sequences attributed
  Chunk [22784:23040] pre-computing 50 dinuc shuffles...
  Chunk [22784:23040] running DeepLIFT/SHAP (batch_size=8)...
    23040/25000 sequences attributed
  Chunk [23040:23296] pre-computing 50 dinuc shuffles...
  Chunk [23040:23296] running DeepLIFT/SHAP (batch_size=8)...
    23296/25000 sequences attributed
  Chunk [23296:23552] pre-computing 50 dinuc shuffles...
  Chunk [23296:23552] running DeepLIFT/SHAP (batch_size=8)...
    23552/25000 sequences attributed
  Chunk [23552:23808] pre-computing 50 dinuc shuffles...
  Chunk [23552:23808] running DeepLIFT/SHAP (batch_size=8)...
    23808/25000 sequences attributed
  Chunk [23808:24064] pre-computing 50 dinuc shuffles...
  Chunk [23808:24064] running DeepLIFT/SHAP (batch_size=8)...
    24064/25000 sequences attributed
  Chunk [24064:24320] pre-computing 50 dinuc shuffles...
  Chunk [24064:24320] running DeepLIFT/SHAP (batch_size=8)...
    24320/25000 sequences attributed
  Chunk [24320:24576] pre-computing 50 dinuc shuffles...
  Chunk [24320:24576] running DeepLIFT/SHAP (batch_size=8)...
    24576/25000 sequences attributed
  Chunk [24576:24832] pre-computing 50 dinuc shuffles...
  Chunk [24576:24832] running DeepLIFT/SHAP (batch_size=8)...
    24832/25000 sequences attributed
  Chunk [24832:25000] pre-computing 50 dinuc shuffles...
  Chunk [24832:25000] running DeepLIFT/SHAP (batch_size=8)...
    25000/25000 sequences attributed
  Saved attribution maps (25000, 2114, 4) to /grid/wsbs/home_norepl/pmantill/Human_nc_variants/SEAM_population_analysis/SEAM_ChromBPNet/LCL_population_variants/DeepSHAP_lib/maps_BCL2_25000.npy

Pipeline complete.

Done: Sun Mar  8 13:17:55 EDT 2026
