==============================================
Variant Injection + Clustering
Job ID:    829978
Array:     1/34
Locus:     EH38E3485200
Node:      bam32
Start:     Sat Mar  7 16:13:45 EST 2026
==============================================
Processing 1 loci: ['EH38E3485200']

>>> Variant Injection: gnomad (k=100) <<<
EH38E3485200: missing variant maps, variant preds, variant metadata, skipping

>>> Variant Injection: caqtl_eur (k=100) <<<
EH38E3485200: missing variant maps, variant preds, variant metadata, skipping

>>> Variant Injection: caqtl_afr (k=100) <<<
EH38E3485200: missing variant maps, variant preds, variant metadata, skipping

>>> Variant Injection Final Plots <<<
  Saved GnomAD plot to /grid/wsbs/home_norepl/pmantill/Human_nc_variants/SEAM_population_analysis/SEAM_ChromBPNet/LCL_population_variants/results/results_final/variant_inject/gnomad_mech_diversity_vs_AF_k100.png
caqtl_eur: no variant injection results found
caqtl_afr: no variants matched coefficient data

Pipeline complete.

Done: Sat Mar  7 16:13:49 EST 2026
