==============================================
Variant Injection + Clustering
Job ID:    829934
Array:     8/34
Locus:     SETD9
Node:      bam20
Start:     Sat Mar  7 15:38:15 EST 2026
==============================================
Processing 1 loci: ['SETD9']

>>> Variant Injection: gnomad (k=100) <<<
SETD9: missing variant maps, variant preds, variant metadata, skipping

>>> Variant Injection: caqtl_eur (k=100) <<<
SETD9: missing variant maps, variant preds, variant metadata, skipping

>>> Variant Injection: caqtl_afr (k=100) <<<
SETD9: missing variant maps, variant preds, variant metadata, skipping

>>> Variant Injection Final Plots <<<
GnomAD: no variant injection results found
caqtl_eur: no variant injection results found
caqtl_afr: no variant injection results found

Pipeline complete.

Done: Sat Mar  7 15:38:24 EST 2026
