==============================================
Variant Injection + Clustering
Job ID:    829942
Array:     16/34
Locus:     HLA-DRB5
Node:      bam32
Start:     Sat Mar  7 15:38:16 EST 2026
==============================================
Processing 1 loci: ['HLA-DRB5']

>>> Variant Injection: gnomad (k=100) <<<
HLA-DRB5: missing 25k maps, variant maps, variant preds, variant metadata, skipping

>>> Variant Injection: caqtl_eur (k=100) <<<
HLA-DRB5: missing 25k maps, skipping

>>> Variant Injection: caqtl_afr (k=100) <<<
HLA-DRB5: missing 25k maps, variant maps, variant preds, variant metadata, skipping

>>> Variant Injection Final Plots <<<
GnomAD: no variant injection results found
caqtl_eur: no variant injection results found
caqtl_afr: no variant injection results found

Pipeline complete.

Done: Sat Mar  7 15:38:22 EST 2026
