==============================================
Variant Injection + Clustering
Job ID:    830332
Array:     23/34
Locus:     NOTCH1
Node:      bam34
Start:     Sun Mar  8 15:53:45 EDT 2026
==============================================
Processing 1 loci: ['NOTCH1']

>>> Variant Injection: gnomad (k=100) <<<
NOTCH1: missing 25k maps, 25k preds, variant maps, variant preds, variant metadata, skipping

>>> Variant Injection: caqtl_eur (k=100) <<<
NOTCH1: missing 25k maps, 25k preds, variant maps, variant preds, variant metadata, skipping

>>> Variant Injection: caqtl_afr (k=100) <<<
NOTCH1: missing 25k maps, 25k preds, skipping

>>> Variant Injection Final Plots <<<
  Saved GnomAD plot to /grid/wsbs/home_norepl/pmantill/Human_nc_variants/SEAM_population_analysis/SEAM_ChromBPNet/LCL_population_variants/results/results_final/variant_inject/gnomad_mech_diversity_vs_AF_k100.png
  Saved GnomAD causality plot to /grid/wsbs/home_norepl/pmantill/Human_nc_variants/SEAM_population_analysis/SEAM_ChromBPNet/LCL_population_variants/results/results_final/variant_inject/gnomad_mech_causality_vs_AF_k100.png
  Saved caqtl_eur plot to /grid/wsbs/home_norepl/pmantill/Human_nc_variants/SEAM_population_analysis/SEAM_ChromBPNet/LCL_population_variants/results/results_final/variant_inject/caqtl_eur_pred_vs_actual_k100.png
  Saved caqtl_afr plot to /grid/wsbs/home_norepl/pmantill/Human_nc_variants/SEAM_population_analysis/SEAM_ChromBPNet/LCL_population_variants/results/results_final/variant_inject/caqtl_afr_pred_vs_actual_k100.png

Pipeline complete.

Done: Sun Mar  8 15:53:53 EDT 2026
