==============================================
Variant Injection + Clustering
Job ID:    829988
Array:     11/34
Locus:     PIK3R3
Node:      bam25
Start:     Sat Mar  7 16:13:44 EST 2026
==============================================
Processing 1 loci: ['PIK3R3']

>>> Variant Injection: gnomad (k=100) <<<

==================================================
PIK3R3: variant injection (gnomad, k=100)
==================================================
  Injected 1265 variants at indices (first 5): [106 112 119 131 132]
  Clustering 25000 maps into 100 clusters...
  WT cluster=93, variants span 52 clusters
  Saved to /grid/wsbs/home_norepl/pmantill/Human_nc_variants/SEAM_population_analysis/SEAM_ChromBPNet/LCL_population_variants/cluster_results/variant_inject/gnomad/PIK3R3/k100

>>> Variant Injection: caqtl_eur (k=100) <<<
PIK3R3: missing variant maps, variant preds, variant metadata, skipping

>>> Variant Injection: caqtl_afr (k=100) <<<
PIK3R3: missing variant maps, variant preds, variant metadata, skipping

>>> Variant Injection Final Plots <<<
  Saved GnomAD plot to /grid/wsbs/home_norepl/pmantill/Human_nc_variants/SEAM_population_analysis/SEAM_ChromBPNet/LCL_population_variants/results/results_final/variant_inject/gnomad_mech_diversity_vs_AF_k100.png
  Saved GnomAD causality plot to /grid/wsbs/home_norepl/pmantill/Human_nc_variants/SEAM_population_analysis/SEAM_ChromBPNet/LCL_population_variants/results/results_final/variant_inject/gnomad_mech_causality_vs_AF_k100.png
caqtl_eur: no variants matched coefficient data
caqtl_afr: no variants matched coefficient data

Pipeline complete.

Done: Sat Mar  7 20:36:39 EST 2026
