==============================================
Variant Injection + Clustering
Job ID:    829926
Array:     0/34
Locus:     IRF7
Node:      bam15
Start:     Sat Mar  7 15:38:15 EST 2026
==============================================
Processing 1 loci: ['IRF7']

>>> Variant Injection: gnomad (k=100) <<<

==================================================
IRF7: variant injection (gnomad, k=100)
==================================================
  Injected 650 variants at indices (first 5): [131 160 173 184 245]
  Clustering 25000 maps into 100 clusters...
  WT cluster=99, variants span 28 clusters
  Saved to /grid/wsbs/home_norepl/pmantill/Human_nc_variants/SEAM_population_analysis/SEAM_ChromBPNet/LCL_population_variants/cluster_results/variant_inject/gnomad/IRF7/k100

>>> Variant Injection: caqtl_eur (k=100) <<<
IRF7: missing variant maps, variant preds, variant metadata, skipping

>>> Variant Injection: caqtl_afr (k=100) <<<
IRF7: missing variant maps, variant preds, variant metadata, skipping

>>> Variant Injection Final Plots <<<
  Saved GnomAD plot to /grid/wsbs/home_norepl/pmantill/Human_nc_variants/SEAM_population_analysis/SEAM_ChromBPNet/LCL_population_variants/results/results_final/variant_inject/gnomad_mech_diversity_vs_AF_k100.png
caqtl_eur: no variant injection results found
caqtl_afr: no variants matched coefficient data

Pipeline complete.

Done: Sat Mar  7 15:51:49 EST 2026
