==============================================
Variant Injection + Clustering
Job ID:    829986
Array:     9/34
Locus:     DYNLRB2-AS1
Node:      bam22
Start:     Sat Mar  7 16:13:44 EST 2026
==============================================
Processing 1 loci: ['DYNLRB2-AS1']

>>> Variant Injection: gnomad (k=100) <<<
DYNLRB2-AS1: missing variant maps, variant preds, variant metadata, skipping

>>> Variant Injection: caqtl_eur (k=100) <<<

==================================================
DYNLRB2-AS1: variant injection (caqtl_eur, k=100)
==================================================
  Injected 3 variants at indices (first 5): [ 2232 16364 19348]
  Clustering 25000 maps into 100 clusters...
  WT cluster=25, variants span 2 clusters
  Saved to /grid/wsbs/home_norepl/pmantill/Human_nc_variants/SEAM_population_analysis/SEAM_ChromBPNet/LCL_population_variants/cluster_results/variant_inject/caqtl_eur/DYNLRB2-AS1/k100

>>> Variant Injection: caqtl_afr (k=100) <<<

==================================================
DYNLRB2-AS1: variant injection (caqtl_afr, k=100)
==================================================
  Injected 1 variants at indices (first 5): [2232]
  Clustering 25000 maps into 100 clusters...
  WT cluster=46, variants span 1 clusters
  Saved to /grid/wsbs/home_norepl/pmantill/Human_nc_variants/SEAM_population_analysis/SEAM_ChromBPNet/LCL_population_variants/cluster_results/variant_inject/caqtl_afr/DYNLRB2-AS1/k100

>>> Variant Injection Final Plots <<<
  Saved GnomAD plot to /grid/wsbs/home_norepl/pmantill/Human_nc_variants/SEAM_population_analysis/SEAM_ChromBPNet/LCL_population_variants/results/results_final/variant_inject/gnomad_mech_diversity_vs_AF_k100.png
caqtl_eur: no variants matched coefficient data
caqtl_afr: no variants matched coefficient data

Pipeline complete.

Done: Sat Mar  7 16:41:33 EST 2026
