==============================================
Variant Injection + Clustering
Job ID:    829929
Array:     3/34
Locus:     RPL35
Node:      bam21
Start:     Sat Mar  7 15:38:15 EST 2026
==============================================
Processing 1 loci: ['RPL35']

>>> Variant Injection: gnomad (k=100) <<<
RPL35: missing variant maps, variant preds, variant metadata, skipping

>>> Variant Injection: caqtl_eur (k=100) <<<
RPL35: missing variant maps, variant preds, variant metadata, skipping

>>> Variant Injection: caqtl_afr (k=100) <<<
RPL35: missing variant maps, variant preds, variant metadata, skipping

>>> Variant Injection Final Plots <<<
GnomAD: no variant injection results found
caqtl_eur: no variant injection results found
caqtl_afr: no variant injection results found

Pipeline complete.

Done: Sat Mar  7 15:38:23 EST 2026
