==============================================
Variant Injection + Clustering
Job ID:    829952
Array:     26/34
Locus:     GAPDH
Node:      bam20
Start:     Sat Mar  7 15:38:31 EST 2026
==============================================
Processing 1 loci: ['GAPDH']

>>> Variant Injection: gnomad (k=100) <<<
GAPDH: missing 25k maps, 25k preds, skipping

>>> Variant Injection: caqtl_eur (k=100) <<<
GAPDH: missing 25k maps, 25k preds, skipping

>>> Variant Injection: caqtl_afr (k=100) <<<
GAPDH: missing 25k maps, 25k preds, skipping

>>> Variant Injection Final Plots <<<
GnomAD: no variant injection results found
caqtl_eur: no variant injection results found
caqtl_afr: no variant injection results found

Pipeline complete.

Done: Sat Mar  7 15:38:37 EST 2026
