==============================================
Variant Injection Plots
Job ID:    830136
Node:      bam21
Start:     Sun Mar  8 08:32:35 EDT 2026
==============================================

==================================================
Processing gnomad (k=100)
==================================================
  IRF7 (gnomad): computing causality...
  PIK3R3 (gnomad): computing causality...
  HLA-B (gnomad): computing causality...
  HLA-C (gnomad): computing causality...
  Saved /grid/wsbs/home_norepl/pmantill/Human_nc_variants/SEAM_population_analysis/SEAM_ChromBPNet/LCL_population_variants/results/results_final/variant_inject/gnomad_mech_diversity_vs_AF_k100.png
  Saved /grid/wsbs/home_norepl/pmantill/Human_nc_variants/SEAM_population_analysis/SEAM_ChromBPNet/LCL_population_variants/results/results_final/variant_inject/gnomad_mech_causality_vs_AF_k100.png

==================================================
Processing caqtl_eur (k=100)
==================================================
  DYNLRB2-AS1 (caqtl_eur): computing causality...
  HLA-DQB1 (caqtl_eur): computing causality...
  HLA-B (caqtl_eur): computing causality...
  HLA-C (caqtl_eur): computing causality...
  Saved /grid/wsbs/home_norepl/pmantill/Human_nc_variants/SEAM_population_analysis/SEAM_ChromBPNet/LCL_population_variants/results/results_final/variant_inject/caqtl_eur_pred_vs_actual_k100.png

==================================================
Processing caqtl_afr (k=100)
==================================================
  RPL10A (caqtl_afr): computing causality...
  PDCD1LG2 (caqtl_afr): computing causality...
  DYNLRB2-AS1 (caqtl_afr): computing causality...
  HLA-DQB1 (caqtl_afr): computing causality...
  HLA-B (caqtl_afr): computing causality...
  HLA-C (caqtl_afr): computing causality...
  Saved /grid/wsbs/home_norepl/pmantill/Human_nc_variants/SEAM_population_analysis/SEAM_ChromBPNet/LCL_population_variants/results/results_final/variant_inject/caqtl_afr_pred_vs_actual_k100.png

Done.

Done: Sun Mar  8 08:32:44 EDT 2026
