==============================================
Variant Injection Plots
Job ID:    830932
Node:      bam24
Start:     Mon Mar  9 08:51:38 EDT 2026
==============================================

==================================================
Processing gnomad (k=100)
==================================================
  IRF7 (gnomad): computing causality...
  PIK3R3 (gnomad): computing causality...
  HLA-B (gnomad): computing causality...
  HLA-C (gnomad): computing causality...
  TNF (gnomad): computing causality...
  HLA-G (gnomad): computing causality...
  HLA-A (gnomad): computing causality...
  MYC (gnomad): computing causality...
  BCL2 (gnomad): computing causality...
  B-ACTIN (gnomad): computing causality...
  GAPDH (gnomad): computing causality...
  TBP (gnomad): computing causality...
  HOXA1 (gnomad): computing causality...
  HOXC13 (gnomad): computing causality...
  YAP1 (gnomad): computing causality...
  TAZ (gnomad): computing causality...
  Saved /grid/wsbs/home_norepl/pmantill/Human_nc_variants/SEAM_population_analysis/SEAM_ChromBPNet/LCL_population_variants/results/results_final/variant_inject/gnomad_mech_diversity_vs_AF_k100.png
  Saved /grid/wsbs/home_norepl/pmantill/Human_nc_variants/SEAM_population_analysis/SEAM_ChromBPNet/LCL_population_variants/results/results_final/variant_inject/gnomad_mech_causality_vs_AF_k100.png

==================================================
Processing caqtl_eur (k=100)
==================================================
  DYNLRB2-AS1 (caqtl_eur): computing causality...
  HLA-DQB1 (caqtl_eur): computing causality...
  HLA-B (caqtl_eur): computing causality...
  HLA-C (caqtl_eur): computing causality...
  TNF (caqtl_eur): computing causality...
  HLA-A (caqtl_eur): computing causality...
  GAPDH (caqtl_eur): computing causality...
  Saved /grid/wsbs/home_norepl/pmantill/Human_nc_variants/SEAM_population_analysis/SEAM_ChromBPNet/LCL_population_variants/results/results_final/variant_inject/caqtl_eur_pred_vs_actual_k100.png

==================================================
Processing caqtl_afr (k=100)
==================================================
  RPL10A (caqtl_afr): computing causality...
  PDCD1LG2 (caqtl_afr): computing causality...
  DYNLRB2-AS1 (caqtl_afr): computing causality...
  HLA-DQB1 (caqtl_afr): computing causality...
  HLA-B (caqtl_afr): computing causality...
  HLA-C (caqtl_afr): computing causality...
  HLA-A (caqtl_afr): computing causality...
  GAPDH (caqtl_afr): computing causality...
  TBP (caqtl_afr): computing causality...
  TAZ (caqtl_afr): computing causality...
  Saved /grid/wsbs/home_norepl/pmantill/Human_nc_variants/SEAM_population_analysis/SEAM_ChromBPNet/LCL_population_variants/results/results_final/variant_inject/caqtl_afr_pred_vs_actual_k100.png

==================================================
Diversity vs Evolvability plots (gnomad, k=100)
==================================================
  IRF7: saved /grid/wsbs/home_norepl/pmantill/Human_nc_variants/SEAM_population_analysis/SEAM_ChromBPNet/LCL_population_variants/results/seq_results/IRF7/diversity_evolvability_inject_gnomad_k100.png
  PIK3R3: saved /grid/wsbs/home_norepl/pmantill/Human_nc_variants/SEAM_population_analysis/SEAM_ChromBPNet/LCL_population_variants/results/seq_results/PIK3R3/diversity_evolvability_inject_gnomad_k100.png
  HLA-B: saved /grid/wsbs/home_norepl/pmantill/Human_nc_variants/SEAM_population_analysis/SEAM_ChromBPNet/LCL_population_variants/results/seq_results/HLA-B/diversity_evolvability_inject_gnomad_k100.png
  HLA-C: saved /grid/wsbs/home_norepl/pmantill/Human_nc_variants/SEAM_population_analysis/SEAM_ChromBPNet/LCL_population_variants/results/seq_results/HLA-C/diversity_evolvability_inject_gnomad_k100.png
  TNF: saved /grid/wsbs/home_norepl/pmantill/Human_nc_variants/SEAM_population_analysis/SEAM_ChromBPNet/LCL_population_variants/results/seq_results/TNF/diversity_evolvability_inject_gnomad_k100.png
  HLA-G: saved /grid/wsbs/home_norepl/pmantill/Human_nc_variants/SEAM_population_analysis/SEAM_ChromBPNet/LCL_population_variants/results/seq_results/HLA-G/diversity_evolvability_inject_gnomad_k100.png
  HLA-A: saved /grid/wsbs/home_norepl/pmantill/Human_nc_variants/SEAM_population_analysis/SEAM_ChromBPNet/LCL_population_variants/results/seq_results/HLA-A/diversity_evolvability_inject_gnomad_k100.png
  MYC: saved /grid/wsbs/home_norepl/pmantill/Human_nc_variants/SEAM_population_analysis/SEAM_ChromBPNet/LCL_population_variants/results/seq_results/MYC/diversity_evolvability_inject_gnomad_k100.png
  BCL2: saved /grid/wsbs/home_norepl/pmantill/Human_nc_variants/SEAM_population_analysis/SEAM_ChromBPNet/LCL_population_variants/results/seq_results/BCL2/diversity_evolvability_inject_gnomad_k100.png
  B-ACTIN: saved /grid/wsbs/home_norepl/pmantill/Human_nc_variants/SEAM_population_analysis/SEAM_ChromBPNet/LCL_population_variants/results/seq_results/B-ACTIN/diversity_evolvability_inject_gnomad_k100.png
  GAPDH: saved /grid/wsbs/home_norepl/pmantill/Human_nc_variants/SEAM_population_analysis/SEAM_ChromBPNet/LCL_population_variants/results/seq_results/GAPDH/diversity_evolvability_inject_gnomad_k100.png
  TBP: saved /grid/wsbs/home_norepl/pmantill/Human_nc_variants/SEAM_population_analysis/SEAM_ChromBPNet/LCL_population_variants/results/seq_results/TBP/diversity_evolvability_inject_gnomad_k100.png
  HOXA1: saved /grid/wsbs/home_norepl/pmantill/Human_nc_variants/SEAM_population_analysis/SEAM_ChromBPNet/LCL_population_variants/results/seq_results/HOXA1/diversity_evolvability_inject_gnomad_k100.png
  HOXC13: saved /grid/wsbs/home_norepl/pmantill/Human_nc_variants/SEAM_population_analysis/SEAM_ChromBPNet/LCL_population_variants/results/seq_results/HOXC13/diversity_evolvability_inject_gnomad_k100.png
  YAP1: saved /grid/wsbs/home_norepl/pmantill/Human_nc_variants/SEAM_population_analysis/SEAM_ChromBPNet/LCL_population_variants/results/seq_results/YAP1/diversity_evolvability_inject_gnomad_k100.png
  TAZ: saved /grid/wsbs/home_norepl/pmantill/Human_nc_variants/SEAM_population_analysis/SEAM_ChromBPNet/LCL_population_variants/results/seq_results/TAZ/diversity_evolvability_inject_gnomad_k100.png
  Summary saved: /grid/wsbs/home_norepl/pmantill/Human_nc_variants/SEAM_population_analysis/SEAM_ChromBPNet/LCL_population_variants/results/results_final/variant_inject/gnomad_diversity_evolvability_all_loci_k100.png

Done.

Done: Mon Mar  9 08:51:56 EDT 2026
