==============================================
Variant Attributions: gnomAD
Job ID:    829515
Array:     18/34
Locus:     HLA-G
Node:      bamgpu19
GPU:       0
Start:     Sat Mar  7 10:31:50 EST 2026
==============================================
Processing 1 loci: ['HLA-G']

>>> Step 1: DeepSHAP Attribution Maps <<<
Loading ChromBPNet model from /grid/wsbs/home_norepl/pmantill/Human_nc_variants/SEAM_population_analysis/SEAM_ChromBPNet/models/ENCFF673TIN.tar.gz (fold_0)...
Model loaded: ./fold_0/model.chrombpnet_nobias.fold_0.ENCSR000EMT.h5

==================================================
HLA-G: DeepLIFT/SHAP attributions (gnomad)
==================================================
  Computing predictions for 982 sequences...
  Saved predictions (982,) to /grid/wsbs/home_norepl/pmantill/Human_nc_variants/SEAM_population_analysis/SEAM_ChromBPNet/LCL_population_variants/variant_libs/gnomad/preds_HLA-G.npy
  Chunk [0:256] pre-computing 50 dinuc shuffles...
  Chunk [0:256] running DeepLIFT/SHAP (batch_size=8)...
    256/982 sequences attributed
  Chunk [256:512] pre-computing 50 dinuc shuffles...
  Chunk [256:512] running DeepLIFT/SHAP (batch_size=8)...
    512/982 sequences attributed
  Chunk [512:768] pre-computing 50 dinuc shuffles...
  Chunk [512:768] running DeepLIFT/SHAP (batch_size=8)...
    768/982 sequences attributed
  Chunk [768:982] pre-computing 50 dinuc shuffles...
  Chunk [768:982] running DeepLIFT/SHAP (batch_size=8)...
    982/982 sequences attributed
  Saved attribution maps (982, 2114, 4) to /grid/wsbs/home_norepl/pmantill/Human_nc_variants/SEAM_population_analysis/SEAM_ChromBPNet/LCL_population_variants/variant_libs/gnomad/maps_HLA-G.npy

Pipeline complete.

Done: Sat Mar  7 10:42:22 EST 2026
