==============================================
Variant Attributions: caQTL African
Job ID:    829589
Array:     26/34
Locus:     GAPDH
Node:      bamgpu19
GPU:       0
Start:     Sat Mar  7 10:46:24 EST 2026
==============================================
Processing 1 loci: ['GAPDH']

>>> Step 1: DeepSHAP Attribution Maps <<<
Loading ChromBPNet model from /grid/wsbs/home_norepl/pmantill/Human_nc_variants/SEAM_population_analysis/SEAM_ChromBPNet/models/ENCFF673TIN.tar.gz (fold_0)...
Model loaded: ./fold_0/model.chrombpnet_nobias.fold_0.ENCSR000EMT.h5

==================================================
GAPDH: DeepLIFT/SHAP attributions (caqtl_afr)
==================================================
  Computing predictions for 8 sequences...
  Saved predictions (8,) to /grid/wsbs/home_norepl/pmantill/Human_nc_variants/SEAM_population_analysis/SEAM_ChromBPNet/LCL_population_variants/variant_libs/caqtl_afr/preds_GAPDH.npy
  Chunk [0:8] pre-computing 50 dinuc shuffles...
  Chunk [0:8] running DeepLIFT/SHAP (batch_size=8)...
    8/8 sequences attributed
  Saved attribution maps (8, 2114, 4) to /grid/wsbs/home_norepl/pmantill/Human_nc_variants/SEAM_population_analysis/SEAM_ChromBPNet/LCL_population_variants/variant_libs/caqtl_afr/maps_GAPDH.npy

Pipeline complete.

Done: Sat Mar  7 10:46:47 EST 2026
