==============================================
Variant Attributions: gnomAD
Job ID:    829519
Array:     22/34
Locus:     BCL2
Node:      bamgpu20
GPU:       0
Start:     Sat Mar  7 10:33:44 EST 2026
==============================================
Processing 1 loci: ['BCL2']

>>> Step 1: DeepSHAP Attribution Maps <<<
Loading ChromBPNet model from /grid/wsbs/home_norepl/pmantill/Human_nc_variants/SEAM_population_analysis/SEAM_ChromBPNet/models/ENCFF673TIN.tar.gz (fold_0)...
Model loaded: ./fold_0/model.chrombpnet_nobias.fold_0.ENCSR000EMT.h5

==================================================
BCL2: DeepLIFT/SHAP attributions (gnomad)
==================================================
  Computing predictions for 1022 sequences...
  Saved predictions (1022,) to /grid/wsbs/home_norepl/pmantill/Human_nc_variants/SEAM_population_analysis/SEAM_ChromBPNet/LCL_population_variants/variant_libs/gnomad/preds_BCL2.npy
  Chunk [0:256] pre-computing 50 dinuc shuffles...
  Chunk [0:256] running DeepLIFT/SHAP (batch_size=8)...
    256/1022 sequences attributed
  Chunk [256:512] pre-computing 50 dinuc shuffles...
  Chunk [256:512] running DeepLIFT/SHAP (batch_size=8)...
    512/1022 sequences attributed
  Chunk [512:768] pre-computing 50 dinuc shuffles...
  Chunk [512:768] running DeepLIFT/SHAP (batch_size=8)...
    768/1022 sequences attributed
  Chunk [768:1022] pre-computing 50 dinuc shuffles...
  Chunk [768:1022] running DeepLIFT/SHAP (batch_size=8)...
    1022/1022 sequences attributed
  Saved attribution maps (1022, 2114, 4) to /grid/wsbs/home_norepl/pmantill/Human_nc_variants/SEAM_population_analysis/SEAM_ChromBPNet/LCL_population_variants/variant_libs/gnomad/maps_BCL2.npy

Pipeline complete.

Done: Sat Mar  7 10:40:21 EST 2026
