==============================================
Variant Attributions: caQTL African
Job ID:    829565
Array:     2/34
Locus:     RPL10A
Node:      bamgpu18
GPU:       0
Start:     Sat Mar  7 10:44:51 EST 2026
==============================================
Processing 1 loci: ['RPL10A']

>>> Step 1: DeepSHAP Attribution Maps <<<
Loading ChromBPNet model from /grid/wsbs/home_norepl/pmantill/Human_nc_variants/SEAM_population_analysis/SEAM_ChromBPNet/models/ENCFF673TIN.tar.gz (fold_0)...
Model loaded: ./fold_0/model.chrombpnet_nobias.fold_0.ENCSR000EMT.h5

==================================================
RPL10A: DeepLIFT/SHAP attributions (caqtl_afr)
==================================================
  Computing predictions for 3 sequences...
  Saved predictions (3,) to /grid/wsbs/home_norepl/pmantill/Human_nc_variants/SEAM_population_analysis/SEAM_ChromBPNet/LCL_population_variants/variant_libs/caqtl_afr/preds_RPL10A.npy
  Chunk [0:3] pre-computing 50 dinuc shuffles...
  Chunk [0:3] running DeepLIFT/SHAP (batch_size=8)...
    3/3 sequences attributed
  Saved attribution maps (3, 2114, 4) to /grid/wsbs/home_norepl/pmantill/Human_nc_variants/SEAM_population_analysis/SEAM_ChromBPNet/LCL_population_variants/variant_libs/caqtl_afr/maps_RPL10A.npy

Pipeline complete.

Done: Sat Mar  7 10:45:07 EST 2026
