==============================================
Variant Attributions: caQTL African
Job ID:    829576
Array:     13/34
Locus:     HLA-B
Node:      bamgpu18
GPU:       0
Start:     Sat Mar  7 10:45:33 EST 2026
==============================================
Processing 1 loci: ['HLA-B']

>>> Step 1: DeepSHAP Attribution Maps <<<
Loading ChromBPNet model from /grid/wsbs/home_norepl/pmantill/Human_nc_variants/SEAM_population_analysis/SEAM_ChromBPNet/models/ENCFF673TIN.tar.gz (fold_0)...
Model loaded: ./fold_0/model.chrombpnet_nobias.fold_0.ENCSR000EMT.h5

==================================================
HLA-B: DeepLIFT/SHAP attributions (caqtl_afr)
==================================================
  Computing predictions for 5 sequences...
  Saved predictions (5,) to /grid/wsbs/home_norepl/pmantill/Human_nc_variants/SEAM_population_analysis/SEAM_ChromBPNet/LCL_population_variants/variant_libs/caqtl_afr/preds_HLA-B.npy
  Chunk [0:5] pre-computing 50 dinuc shuffles...
  Chunk [0:5] running DeepLIFT/SHAP (batch_size=8)...
    5/5 sequences attributed
  Saved attribution maps (5, 2114, 4) to /grid/wsbs/home_norepl/pmantill/Human_nc_variants/SEAM_population_analysis/SEAM_ChromBPNet/LCL_population_variants/variant_libs/caqtl_afr/maps_HLA-B.npy

Pipeline complete.

Done: Sat Mar  7 10:45:49 EST 2026
