==============================================
Variant Attributions: caQTL European
Job ID:    829539
Array:     9/34
Locus:     DYNLRB2-AS1
Node:      bamgpu20
GPU:       0
Start:     Sat Mar  7 10:42:12 EST 2026
==============================================
Processing 1 loci: ['DYNLRB2-AS1']

>>> Step 1: DeepSHAP Attribution Maps <<<
Loading ChromBPNet model from /grid/wsbs/home_norepl/pmantill/Human_nc_variants/SEAM_population_analysis/SEAM_ChromBPNet/models/ENCFF673TIN.tar.gz (fold_0)...
Model loaded: ./fold_0/model.chrombpnet_nobias.fold_0.ENCSR000EMT.h5

==================================================
DYNLRB2-AS1: DeepLIFT/SHAP attributions (caqtl_eur)
==================================================
  Computing predictions for 4 sequences...
  Saved predictions (4,) to /grid/wsbs/home_norepl/pmantill/Human_nc_variants/SEAM_population_analysis/SEAM_ChromBPNet/LCL_population_variants/variant_libs/caqtl_eur/preds_DYNLRB2-AS1.npy
  Chunk [0:4] pre-computing 50 dinuc shuffles...
  Chunk [0:4] running DeepLIFT/SHAP (batch_size=8)...
    4/4 sequences attributed
  Saved attribution maps (4, 2114, 4) to /grid/wsbs/home_norepl/pmantill/Human_nc_variants/SEAM_population_analysis/SEAM_ChromBPNet/LCL_population_variants/variant_libs/caqtl_eur/maps_DYNLRB2-AS1.npy

Pipeline complete.

Done: Sat Mar  7 10:42:27 EST 2026
