==============================================
Variant Attributions: gnomAD
Job ID:    829511
Array:     14/34
Locus:     HLA-C
Node:      bamgpu29
GPU:       0
Start:     Sat Mar  7 10:31:42 EST 2026
==============================================
Processing 1 loci: ['HLA-C']

>>> Step 1: DeepSHAP Attribution Maps <<<
Loading ChromBPNet model from /grid/wsbs/home_norepl/pmantill/Human_nc_variants/SEAM_population_analysis/SEAM_ChromBPNet/models/ENCFF673TIN.tar.gz (fold_0)...
Model loaded: ./fold_0/model.chrombpnet_nobias.fold_0.ENCSR000EMT.h5

==================================================
HLA-C: DeepLIFT/SHAP attributions (gnomad)
==================================================
  Computing predictions for 714 sequences...
  Saved predictions (714,) to /grid/wsbs/home_norepl/pmantill/Human_nc_variants/SEAM_population_analysis/SEAM_ChromBPNet/LCL_population_variants/variant_libs/gnomad/preds_HLA-C.npy
  Chunk [0:256] pre-computing 50 dinuc shuffles...
  Chunk [0:256] running DeepLIFT/SHAP (batch_size=8)...
    256/714 sequences attributed
  Chunk [256:512] pre-computing 50 dinuc shuffles...
  Chunk [256:512] running DeepLIFT/SHAP (batch_size=8)...
    512/714 sequences attributed
  Chunk [512:714] pre-computing 50 dinuc shuffles...
  Chunk [512:714] running DeepLIFT/SHAP (batch_size=8)...
    714/714 sequences attributed
  Saved attribution maps (714, 2114, 4) to /grid/wsbs/home_norepl/pmantill/Human_nc_variants/SEAM_population_analysis/SEAM_ChromBPNet/LCL_population_variants/variant_libs/gnomad/maps_HLA-C.npy

Pipeline complete.

Done: Sat Mar  7 10:33:36 EST 2026
