==============================================
Variant Attributions: caQTL European
Job ID:    829543
Array:     13/34
Locus:     HLA-B
Node:      bamgpu20
GPU:       0
Start:     Sat Mar  7 10:42:51 EST 2026
==============================================
Processing 1 loci: ['HLA-B']

>>> Step 1: DeepSHAP Attribution Maps <<<
Loading ChromBPNet model from /grid/wsbs/home_norepl/pmantill/Human_nc_variants/SEAM_population_analysis/SEAM_ChromBPNet/models/ENCFF673TIN.tar.gz (fold_0)...
Model loaded: ./fold_0/model.chrombpnet_nobias.fold_0.ENCSR000EMT.h5

==================================================
HLA-B: DeepLIFT/SHAP attributions (caqtl_eur)
==================================================
  Computing predictions for 37 sequences...
  Saved predictions (37,) to /grid/wsbs/home_norepl/pmantill/Human_nc_variants/SEAM_population_analysis/SEAM_ChromBPNet/LCL_population_variants/variant_libs/caqtl_eur/preds_HLA-B.npy
  Chunk [0:37] pre-computing 50 dinuc shuffles...
  Chunk [0:37] running DeepLIFT/SHAP (batch_size=8)...
    37/37 sequences attributed
  Saved attribution maps (37, 2114, 4) to /grid/wsbs/home_norepl/pmantill/Human_nc_variants/SEAM_population_analysis/SEAM_ChromBPNet/LCL_population_variants/variant_libs/caqtl_eur/maps_HLA-B.npy

Pipeline complete.

Done: Sat Mar  7 10:43:18 EST 2026
