==============================================
Variant Attributions: gnomAD
Job ID:    829496
Array:     0/34
Locus:     IRF7
Node:      bamgpu17
GPU:       0
Start:     Sat Mar  7 10:31:06 EST 2026
==============================================
Processing 1 loci: ['IRF7']

>>> Step 1: DeepSHAP Attribution Maps <<<
Loading ChromBPNet model from /grid/wsbs/home_norepl/pmantill/Human_nc_variants/SEAM_population_analysis/SEAM_ChromBPNet/models/ENCFF673TIN.tar.gz (fold_0)...
Model loaded: ./fold_0/model.chrombpnet_nobias.fold_0.ENCSR000EMT.h5

==================================================
IRF7: DeepLIFT/SHAP attributions (gnomad)
==================================================
  Computing predictions for 651 sequences...
  Saved predictions (651,) to /grid/wsbs/home_norepl/pmantill/Human_nc_variants/SEAM_population_analysis/SEAM_ChromBPNet/LCL_population_variants/variant_libs/gnomad/preds_IRF7.npy
  Chunk [0:256] pre-computing 50 dinuc shuffles...
  Chunk [0:256] running DeepLIFT/SHAP (batch_size=8)...
    256/651 sequences attributed
  Chunk [256:512] pre-computing 50 dinuc shuffles...
  Chunk [256:512] running DeepLIFT/SHAP (batch_size=8)...
    512/651 sequences attributed
  Chunk [512:651] pre-computing 50 dinuc shuffles...
  Chunk [512:651] running DeepLIFT/SHAP (batch_size=8)...
    651/651 sequences attributed
  Saved attribution maps (651, 2114, 4) to /grid/wsbs/home_norepl/pmantill/Human_nc_variants/SEAM_population_analysis/SEAM_ChromBPNet/LCL_population_variants/variant_libs/gnomad/maps_IRF7.npy

Pipeline complete.

Done: Sat Mar  7 10:34:16 EST 2026
