==============================================
Variant Attributions: gnomAD
Job ID:    829522
Array:     25/34
Locus:     B-ACTIN
Node:      bamgpu18
GPU:       0
Start:     Sat Mar  7 10:34:38 EST 2026
==============================================
Processing 1 loci: ['B-ACTIN']

>>> Step 1: DeepSHAP Attribution Maps <<<
Loading ChromBPNet model from /grid/wsbs/home_norepl/pmantill/Human_nc_variants/SEAM_population_analysis/SEAM_ChromBPNet/models/ENCFF673TIN.tar.gz (fold_0)...
Model loaded: ./fold_0/model.chrombpnet_nobias.fold_0.ENCSR000EMT.h5

==================================================
B-ACTIN: DeepLIFT/SHAP attributions (gnomad)
==================================================
  Computing predictions for 929 sequences...
  Saved predictions (929,) to /grid/wsbs/home_norepl/pmantill/Human_nc_variants/SEAM_population_analysis/SEAM_ChromBPNet/LCL_population_variants/variant_libs/gnomad/preds_B-ACTIN.npy
  Chunk [0:256] pre-computing 50 dinuc shuffles...
  Chunk [0:256] running DeepLIFT/SHAP (batch_size=8)...
    256/929 sequences attributed
  Chunk [256:512] pre-computing 50 dinuc shuffles...
  Chunk [256:512] running DeepLIFT/SHAP (batch_size=8)...
    512/929 sequences attributed
  Chunk [512:768] pre-computing 50 dinuc shuffles...
  Chunk [512:768] running DeepLIFT/SHAP (batch_size=8)...
    768/929 sequences attributed
  Chunk [768:929] pre-computing 50 dinuc shuffles...
  Chunk [768:929] running DeepLIFT/SHAP (batch_size=8)...
    929/929 sequences attributed
  Saved attribution maps (929, 2114, 4) to /grid/wsbs/home_norepl/pmantill/Human_nc_variants/SEAM_population_analysis/SEAM_ChromBPNet/LCL_population_variants/variant_libs/gnomad/maps_B-ACTIN.npy

Pipeline complete.

Done: Sat Mar  7 10:38:45 EST 2026
