==============================================
Variant Attributions: caQTL African
Job ID:    829583
Array:     20/34
Locus:     HLA-A
Node:      bamgpu20
GPU:       0
Start:     Sat Mar  7 10:45:58 EST 2026
==============================================
Processing 1 loci: ['HLA-A']

>>> Step 1: DeepSHAP Attribution Maps <<<
Loading ChromBPNet model from /grid/wsbs/home_norepl/pmantill/Human_nc_variants/SEAM_population_analysis/SEAM_ChromBPNet/models/ENCFF673TIN.tar.gz (fold_0)...
Model loaded: ./fold_0/model.chrombpnet_nobias.fold_0.ENCSR000EMT.h5

==================================================
HLA-A: DeepLIFT/SHAP attributions (caqtl_afr)
==================================================
  Computing predictions for 12 sequences...
  Saved predictions (12,) to /grid/wsbs/home_norepl/pmantill/Human_nc_variants/SEAM_population_analysis/SEAM_ChromBPNet/LCL_population_variants/variant_libs/caqtl_afr/preds_HLA-A.npy
  Chunk [0:12] pre-computing 50 dinuc shuffles...
  Chunk [0:12] running DeepLIFT/SHAP (batch_size=8)...
    12/12 sequences attributed
  Saved attribution maps (12, 2114, 4) to /grid/wsbs/home_norepl/pmantill/Human_nc_variants/SEAM_population_analysis/SEAM_ChromBPNet/LCL_population_variants/variant_libs/caqtl_afr/maps_HLA-A.npy

Pipeline complete.

Done: Sat Mar  7 10:46:16 EST 2026
