==============================================
Variant Attributions: gnomAD
Job ID:    829525
Array:     28/34
Locus:     TBP
Node:      bamgpu20
GPU:       0
Start:     Sat Mar  7 10:37:35 EST 2026
==============================================
Processing 1 loci: ['TBP']

>>> Step 1: DeepSHAP Attribution Maps <<<
Loading ChromBPNet model from /grid/wsbs/home_norepl/pmantill/Human_nc_variants/SEAM_population_analysis/SEAM_ChromBPNet/models/ENCFF673TIN.tar.gz (fold_0)...
Model loaded: ./fold_0/model.chrombpnet_nobias.fold_0.ENCSR000EMT.h5

==================================================
TBP: DeepLIFT/SHAP attributions (gnomad)
==================================================
  Computing predictions for 547 sequences...
  Saved predictions (547,) to /grid/wsbs/home_norepl/pmantill/Human_nc_variants/SEAM_population_analysis/SEAM_ChromBPNet/LCL_population_variants/variant_libs/gnomad/preds_TBP.npy
  Chunk [0:256] pre-computing 50 dinuc shuffles...
  Chunk [0:256] running DeepLIFT/SHAP (batch_size=8)...
    256/547 sequences attributed
  Chunk [256:512] pre-computing 50 dinuc shuffles...
  Chunk [256:512] running DeepLIFT/SHAP (batch_size=8)...
    512/547 sequences attributed
  Chunk [512:547] pre-computing 50 dinuc shuffles...
  Chunk [512:547] running DeepLIFT/SHAP (batch_size=8)...
    547/547 sequences attributed
  Saved attribution maps (547, 2114, 4) to /grid/wsbs/home_norepl/pmantill/Human_nc_variants/SEAM_population_analysis/SEAM_ChromBPNet/LCL_population_variants/variant_libs/gnomad/maps_TBP.npy

Pipeline complete.

Done: Sat Mar  7 10:41:08 EST 2026
