==============================================
Variant Attributions: caQTL European
Job ID:    829547
Array:     17/34
Locus:     TNF
Node:      bamgpu20
GPU:       0
Start:     Sat Mar  7 10:43:28 EST 2026
==============================================
Processing 1 loci: ['TNF']

>>> Step 1: DeepSHAP Attribution Maps <<<
Loading ChromBPNet model from /grid/wsbs/home_norepl/pmantill/Human_nc_variants/SEAM_population_analysis/SEAM_ChromBPNet/models/ENCFF673TIN.tar.gz (fold_0)...
Model loaded: ./fold_0/model.chrombpnet_nobias.fold_0.ENCSR000EMT.h5

==================================================
TNF: DeepLIFT/SHAP attributions (caqtl_eur)
==================================================
  Computing predictions for 3 sequences...
  Saved predictions (3,) to /grid/wsbs/home_norepl/pmantill/Human_nc_variants/SEAM_population_analysis/SEAM_ChromBPNet/LCL_population_variants/variant_libs/caqtl_eur/preds_TNF.npy
  Chunk [0:3] pre-computing 50 dinuc shuffles...
  Chunk [0:3] running DeepLIFT/SHAP (batch_size=8)...
    3/3 sequences attributed
  Saved attribution maps (3, 2114, 4) to /grid/wsbs/home_norepl/pmantill/Human_nc_variants/SEAM_population_analysis/SEAM_ChromBPNet/LCL_population_variants/variant_libs/caqtl_eur/maps_TNF.npy

Pipeline complete.

Done: Sat Mar  7 10:43:43 EST 2026
