==============================================
Variant Attributions: caQTL African
Job ID:    829575
Array:     12/34
Locus:     HLA-DQB1
Node:      bamgpu19
GPU:       0
Start:     Sat Mar  7 10:45:27 EST 2026
==============================================
Processing 1 loci: ['HLA-DQB1']

>>> Step 1: DeepSHAP Attribution Maps <<<
Loading ChromBPNet model from /grid/wsbs/home_norepl/pmantill/Human_nc_variants/SEAM_population_analysis/SEAM_ChromBPNet/models/ENCFF673TIN.tar.gz (fold_0)...
Model loaded: ./fold_0/model.chrombpnet_nobias.fold_0.ENCSR000EMT.h5

==================================================
HLA-DQB1: DeepLIFT/SHAP attributions (caqtl_afr)
==================================================
  Computing predictions for 26 sequences...
  Saved predictions (26,) to /grid/wsbs/home_norepl/pmantill/Human_nc_variants/SEAM_population_analysis/SEAM_ChromBPNet/LCL_population_variants/variant_libs/caqtl_afr/preds_HLA-DQB1.npy
  Chunk [0:26] pre-computing 50 dinuc shuffles...
  Chunk [0:26] running DeepLIFT/SHAP (batch_size=8)...
    26/26 sequences attributed
  Saved attribution maps (26, 2114, 4) to /grid/wsbs/home_norepl/pmantill/Human_nc_variants/SEAM_population_analysis/SEAM_ChromBPNet/LCL_population_variants/variant_libs/caqtl_afr/maps_HLA-DQB1.npy

Pipeline complete.

Done: Sat Mar  7 10:45:57 EST 2026
