==============================================
Variant Attributions: caQTL African
Job ID:    829582
Array:     19/34
Locus:     HLA-DRA
Node:      bamgpu20
GPU:       0
Start:     Sat Mar  7 10:45:57 EST 2026
==============================================
Processing 1 loci: ['HLA-DRA']

>>> Step 1: DeepSHAP Attribution Maps <<<
Loading ChromBPNet model from /grid/wsbs/home_norepl/pmantill/Human_nc_variants/SEAM_population_analysis/SEAM_ChromBPNet/models/ENCFF673TIN.tar.gz (fold_0)...
Model loaded: ./fold_0/model.chrombpnet_nobias.fold_0.ENCSR000EMT.h5

==================================================
HLA-DRA: DeepLIFT/SHAP attributions (caqtl_afr)
==================================================
  Computing predictions for 8 sequences...
  Saved predictions (8,) to /grid/wsbs/home_norepl/pmantill/Human_nc_variants/SEAM_population_analysis/SEAM_ChromBPNet/LCL_population_variants/variant_libs/caqtl_afr/preds_HLA-DRA.npy
  Chunk [0:8] pre-computing 50 dinuc shuffles...
  Chunk [0:8] running DeepLIFT/SHAP (batch_size=8)...
    8/8 sequences attributed
  Saved attribution maps (8, 2114, 4) to /grid/wsbs/home_norepl/pmantill/Human_nc_variants/SEAM_population_analysis/SEAM_ChromBPNet/LCL_population_variants/variant_libs/caqtl_afr/maps_HLA-DRA.npy

Pipeline complete.

Done: Sat Mar  7 10:46:15 EST 2026
