==============================================
Variant Attributions: caQTL European
Job ID:    829549
Array:     19/34
Locus:     HLA-DRA
Node:      bamgpu20
GPU:       0
Start:     Sat Mar  7 10:43:46 EST 2026
==============================================
Processing 1 loci: ['HLA-DRA']

>>> Step 1: DeepSHAP Attribution Maps <<<
Loading ChromBPNet model from /grid/wsbs/home_norepl/pmantill/Human_nc_variants/SEAM_population_analysis/SEAM_ChromBPNet/models/ENCFF673TIN.tar.gz (fold_0)...
Model loaded: ./fold_0/model.chrombpnet_nobias.fold_0.ENCSR000EMT.h5

==================================================
HLA-DRA: DeepLIFT/SHAP attributions (caqtl_eur)
==================================================
  Computing predictions for 7 sequences...
  Saved predictions (7,) to /grid/wsbs/home_norepl/pmantill/Human_nc_variants/SEAM_population_analysis/SEAM_ChromBPNet/LCL_population_variants/variant_libs/caqtl_eur/preds_HLA-DRA.npy
  Chunk [0:7] pre-computing 50 dinuc shuffles...
  Chunk [0:7] running DeepLIFT/SHAP (batch_size=8)...
    7/7 sequences attributed
  Saved attribution maps (7, 2114, 4) to /grid/wsbs/home_norepl/pmantill/Human_nc_variants/SEAM_population_analysis/SEAM_ChromBPNet/LCL_population_variants/variant_libs/caqtl_eur/maps_HLA-DRA.npy

Pipeline complete.

Done: Sat Mar  7 10:44:04 EST 2026
