==============================================
Variant Attributions: caQTL African
Job ID:    829591
Array:     28/34
Locus:     TBP
Node:      bamgpu17
GPU:       0
Start:     Sat Mar  7 10:46:27 EST 2026
==============================================
Processing 1 loci: ['TBP']

>>> Step 1: DeepSHAP Attribution Maps <<<
Loading ChromBPNet model from /grid/wsbs/home_norepl/pmantill/Human_nc_variants/SEAM_population_analysis/SEAM_ChromBPNet/models/ENCFF673TIN.tar.gz (fold_0)...
Model loaded: ./fold_0/model.chrombpnet_nobias.fold_0.ENCSR000EMT.h5

==================================================
TBP: DeepLIFT/SHAP attributions (caqtl_afr)
==================================================
  Computing predictions for 2 sequences...
  Saved predictions (2,) to /grid/wsbs/home_norepl/pmantill/Human_nc_variants/SEAM_population_analysis/SEAM_ChromBPNet/LCL_population_variants/variant_libs/caqtl_afr/preds_TBP.npy
  Chunk [0:2] pre-computing 50 dinuc shuffles...
  Chunk [0:2] running DeepLIFT/SHAP (batch_size=8)...
    2/2 sequences attributed
  Saved attribution maps (2, 2114, 4) to /grid/wsbs/home_norepl/pmantill/Human_nc_variants/SEAM_population_analysis/SEAM_ChromBPNet/LCL_population_variants/variant_libs/caqtl_afr/maps_TBP.npy

Pipeline complete.

Done: Sat Mar  7 10:46:43 EST 2026
