==============================================
Variant Attributions: caQTL African
Job ID:    829577
Array:     14/34
Locus:     HLA-C
Node:      bamgpu19
GPU:       0
Start:     Sat Mar  7 10:45:37 EST 2026
==============================================
Processing 1 loci: ['HLA-C']

>>> Step 1: DeepSHAP Attribution Maps <<<
Loading ChromBPNet model from /grid/wsbs/home_norepl/pmantill/Human_nc_variants/SEAM_population_analysis/SEAM_ChromBPNet/models/ENCFF673TIN.tar.gz (fold_0)...
Model loaded: ./fold_0/model.chrombpnet_nobias.fold_0.ENCSR000EMT.h5

==================================================
HLA-C: DeepLIFT/SHAP attributions (caqtl_afr)
==================================================
  Computing predictions for 14 sequences...
  Saved predictions (14,) to /grid/wsbs/home_norepl/pmantill/Human_nc_variants/SEAM_population_analysis/SEAM_ChromBPNet/LCL_population_variants/variant_libs/caqtl_afr/preds_HLA-C.npy
  Chunk [0:14] pre-computing 50 dinuc shuffles...
  Chunk [0:14] running DeepLIFT/SHAP (batch_size=8)...
    14/14 sequences attributed
  Saved attribution maps (14, 2114, 4) to /grid/wsbs/home_norepl/pmantill/Human_nc_variants/SEAM_population_analysis/SEAM_ChromBPNet/LCL_population_variants/variant_libs/caqtl_afr/maps_HLA-C.npy

Pipeline complete.

Done: Sat Mar  7 10:46:01 EST 2026
