==============================================
Variant Attributions: caQTL African
Job ID:    829587
Array:     24/34
Locus:     ABL1
Node:      bamgpu18
GPU:       0
Start:     Sat Mar  7 10:46:16 EST 2026
==============================================
Processing 1 loci: ['ABL1']

>>> Step 1: DeepSHAP Attribution Maps <<<
Loading ChromBPNet model from /grid/wsbs/home_norepl/pmantill/Human_nc_variants/SEAM_population_analysis/SEAM_ChromBPNet/models/ENCFF673TIN.tar.gz (fold_0)...
Model loaded: ./fold_0/model.chrombpnet_nobias.fold_0.ENCSR000EMT.h5

==================================================
ABL1: DeepLIFT/SHAP attributions (caqtl_afr)
==================================================
  Computing predictions for 2 sequences...
  Saved predictions (2,) to /grid/wsbs/home_norepl/pmantill/Human_nc_variants/SEAM_population_analysis/SEAM_ChromBPNet/LCL_population_variants/variant_libs/caqtl_afr/preds_ABL1.npy
  Chunk [0:2] pre-computing 50 dinuc shuffles...
  Chunk [0:2] running DeepLIFT/SHAP (batch_size=8)...
    2/2 sequences attributed
  Saved attribution maps (2, 2114, 4) to /grid/wsbs/home_norepl/pmantill/Human_nc_variants/SEAM_population_analysis/SEAM_ChromBPNet/LCL_population_variants/variant_libs/caqtl_afr/maps_ABL1.npy

Pipeline complete.

Done: Sat Mar  7 10:46:32 EST 2026
