==============================================
Variant Attributions: gnomAD
Job ID:    829517
Array:     20/34
Locus:     HLA-A
Node:      bamgpu20
GPU:       0
Start:     Sat Mar  7 10:32:09 EST 2026
==============================================
Processing 1 loci: ['HLA-A']

>>> Step 1: DeepSHAP Attribution Maps <<<
Loading ChromBPNet model from /grid/wsbs/home_norepl/pmantill/Human_nc_variants/SEAM_population_analysis/SEAM_ChromBPNet/models/ENCFF673TIN.tar.gz (fold_0)...
Model loaded: ./fold_0/model.chrombpnet_nobias.fold_0.ENCSR000EMT.h5

==================================================
HLA-A: DeepLIFT/SHAP attributions (gnomad)
==================================================
  Computing predictions for 1659 sequences...
  Saved predictions (1659,) to /grid/wsbs/home_norepl/pmantill/Human_nc_variants/SEAM_population_analysis/SEAM_ChromBPNet/LCL_population_variants/variant_libs/gnomad/preds_HLA-A.npy
  Chunk [0:256] pre-computing 50 dinuc shuffles...
  Chunk [0:256] running DeepLIFT/SHAP (batch_size=8)...
    256/1659 sequences attributed
  Chunk [256:512] pre-computing 50 dinuc shuffles...
  Chunk [256:512] running DeepLIFT/SHAP (batch_size=8)...
    512/1659 sequences attributed
  Chunk [512:768] pre-computing 50 dinuc shuffles...
  Chunk [512:768] running DeepLIFT/SHAP (batch_size=8)...
    768/1659 sequences attributed
  Chunk [768:1024] pre-computing 50 dinuc shuffles...
  Chunk [768:1024] running DeepLIFT/SHAP (batch_size=8)...
    1024/1659 sequences attributed
  Chunk [1024:1280] pre-computing 50 dinuc shuffles...
  Chunk [1024:1280] running DeepLIFT/SHAP (batch_size=8)...
    1280/1659 sequences attributed
  Chunk [1280:1536] pre-computing 50 dinuc shuffles...
  Chunk [1280:1536] running DeepLIFT/SHAP (batch_size=8)...
    1536/1659 sequences attributed
  Chunk [1536:1659] pre-computing 50 dinuc shuffles...
  Chunk [1536:1659] running DeepLIFT/SHAP (batch_size=8)...
    1659/1659 sequences attributed
  Saved attribution maps (1659, 2114, 4) to /grid/wsbs/home_norepl/pmantill/Human_nc_variants/SEAM_population_analysis/SEAM_ChromBPNet/LCL_population_variants/variant_libs/gnomad/maps_HLA-A.npy

Pipeline complete.

Done: Sat Mar  7 10:39:47 EST 2026
