==============================================
Variant Attributions: gnomAD
Job ID:    829523
Array:     26/34
Locus:     GAPDH
Node:      bamgpu17
GPU:       0
Start:     Sat Mar  7 10:34:43 EST 2026
==============================================
Processing 1 loci: ['GAPDH']

>>> Step 1: DeepSHAP Attribution Maps <<<
Loading ChromBPNet model from /grid/wsbs/home_norepl/pmantill/Human_nc_variants/SEAM_population_analysis/SEAM_ChromBPNet/models/ENCFF673TIN.tar.gz (fold_0)...
Model loaded: ./fold_0/model.chrombpnet_nobias.fold_0.ENCSR000EMT.h5

==================================================
GAPDH: DeepLIFT/SHAP attributions (gnomad)
==================================================
  Computing predictions for 724 sequences...
  Saved predictions (724,) to /grid/wsbs/home_norepl/pmantill/Human_nc_variants/SEAM_population_analysis/SEAM_ChromBPNet/LCL_population_variants/variant_libs/gnomad/preds_GAPDH.npy
  Chunk [0:256] pre-computing 50 dinuc shuffles...
  Chunk [0:256] running DeepLIFT/SHAP (batch_size=8)...
    256/724 sequences attributed
  Chunk [256:512] pre-computing 50 dinuc shuffles...
  Chunk [256:512] running DeepLIFT/SHAP (batch_size=8)...
    512/724 sequences attributed
  Chunk [512:724] pre-computing 50 dinuc shuffles...
  Chunk [512:724] running DeepLIFT/SHAP (batch_size=8)...
    724/724 sequences attributed
  Saved attribution maps (724, 2114, 4) to /grid/wsbs/home_norepl/pmantill/Human_nc_variants/SEAM_population_analysis/SEAM_ChromBPNet/LCL_population_variants/variant_libs/gnomad/maps_GAPDH.npy

Pipeline complete.

Done: Sat Mar  7 10:38:08 EST 2026
