slurmstepd: error: Unable to create TMPDIR [/tmp/slurm_tmp/805371]: Permission denied
slurmstepd: error: Setting TMPDIR to /tmp
2026-03-05 00:47:51.545744: I tensorflow/core/platform/cpu_feature_guard.cc:193] This TensorFlow binary is optimized with oneAPI Deep Neural Network Library (oneDNN) to use the following CPU instructions in performance-critical operations:  AVX2 AVX512F AVX512_VNNI AVX512_BF16 AVX_VNNI AMX_TILE AMX_INT8 AMX_BF16 FMA
To enable them in other operations, rebuild TensorFlow with the appropriate compiler flags.
2026-03-05 00:47:51.644802: I tensorflow/core/util/port.cc:104] oneDNN custom operations are on. You may see slightly different numerical results due to floating-point round-off errors from different computation orders. To turn them off, set the environment variable `TF_ENABLE_ONEDNN_OPTS=0`.
2026-03-05 00:47:52.649874: W tensorflow/compiler/xla/stream_executor/platform/default/dso_loader.cc:64] Could not load dynamic library 'libnvinfer.so.7'; dlerror: libnvinfer.so.7: cannot open shared object file: No such file or directory; LD_LIBRARY_PATH: /cm/shared/apps/cudnn8.6-cuda11.8/8.6.0.163/lib64:/cm/shared/apps/cudnn8.6-cuda11.8/8.6.0.163/lib:/cm/local/apps/cuda/libs/current/lib64:/cm/shared/apps/cuda11.8/toolkit/11.8.0/targets/x86_64-linux/lib:/cm/local/apps/gcc/9.2.0/lib:/cm/local/apps/gcc/9.2.0/lib64:/grid/hpc/software/code-server/4.103.2-1/lib:/cm/shared/apps/slurm/current/lib64/slurm:/cm/shared/apps/slurm/current/lib64:/cm/local/apps/python37/lib
2026-03-05 00:47:52.650635: W tensorflow/compiler/xla/stream_executor/platform/default/dso_loader.cc:64] Could not load dynamic library 'libnvinfer_plugin.so.7'; dlerror: libnvinfer_plugin.so.7: cannot open shared object file: No such file or directory; LD_LIBRARY_PATH: /cm/shared/apps/cudnn8.6-cuda11.8/8.6.0.163/lib64:/cm/shared/apps/cudnn8.6-cuda11.8/8.6.0.163/lib:/cm/local/apps/cuda/libs/current/lib64:/cm/shared/apps/cuda11.8/toolkit/11.8.0/targets/x86_64-linux/lib:/cm/local/apps/gcc/9.2.0/lib:/cm/local/apps/gcc/9.2.0/lib64:/grid/hpc/software/code-server/4.103.2-1/lib:/cm/shared/apps/slurm/current/lib64/slurm:/cm/shared/apps/slurm/current/lib64:/cm/local/apps/python37/lib
2026-03-05 00:47:52.650643: W tensorflow/compiler/tf2tensorrt/utils/py_utils.cc:38] TF-TRT Warning: Cannot dlopen some TensorRT libraries. If you would like to use Nvidia GPU with TensorRT, please make sure the missing libraries mentioned above are installed properly.
Traceback (most recent call last):
  File "/grid/wsbs/home_norepl/pmantill/SEAM_revisions/SEAM_revisions/.venv/lib/python3.8/site-packages/pandas/compat/_optional.py", line 142, in import_optional_dependency
    module = importlib.import_module(name)
  File "/grid/wsbs/home_norepl/pmantill/.local/share/uv/python/cpython-3.8.20-linux-x86_64-gnu/lib/python3.8/importlib/__init__.py", line 127, in import_module
    return _bootstrap._gcd_import(name[level:], package, level)
  File "<frozen importlib._bootstrap>", line 1014, in _gcd_import
  File "<frozen importlib._bootstrap>", line 991, in _find_and_load
  File "<frozen importlib._bootstrap>", line 973, in _find_and_load_unlocked
ModuleNotFoundError: No module named 'pyarrow'

During handling of the above exception, another exception occurred:

Traceback (most recent call last):
  File "run_seam_pipeline.py", line 664, in <module>
    main()
  File "run_seam_pipeline.py", line 650, in main
    step_mutagenize(loci)
  File "run_seam_pipeline.py", line 239, in step_mutagenize
    snvs = load_eqtl_lcl_snvs(name, row['chrom'], row['start'], row['end'])
  File "run_seam_pipeline.py", line 163, in load_eqtl_lcl_snvs
    df = pd.read_feather(fpath)
  File "/grid/wsbs/home_norepl/pmantill/SEAM_revisions/SEAM_revisions/.venv/lib/python3.8/site-packages/pandas/io/feather_format.py", line 139, in read_feather
    import_optional_dependency("pyarrow")
  File "/grid/wsbs/home_norepl/pmantill/SEAM_revisions/SEAM_revisions/.venv/lib/python3.8/site-packages/pandas/compat/_optional.py", line 145, in import_optional_dependency
    raise ImportError(msg)
ImportError: Missing optional dependency 'pyarrow'.  Use pip or conda to install pyarrow.
